<?xml version="1.0" encoding="UTF-8"?>
<testsuite xmlns:xsi="http://www.w3.org/2001/XMLSchema-instance" xsi:noNamespaceSchemaLocation="https://maven.apache.org/surefire/maven-surefire-plugin/xsd/surefire-test-report-3.0.xsd" version="3.0" name="com.quark.common.CommonApplicationTest" time="3.402" tests="1" errors="0" skipped="0" failures="0">
  <properties>
[...]
</properties>
  <testcase name="TestDataSource" classname="com.quark.common.CommonApplicationTest" time="0.052">
    <system-out><![CDATA[08:55:29.623 [main] DEBUG org.springframework.test.context.junit4.SpringJUnit4ClassRunner - SpringJUnit4ClassRunner constructor called with [class com.quark.common.CommonApplicationTest]
08:55:29.628 [main] DEBUG org.springframework.test.context.BootstrapUtils - Instantiating CacheAwareContextLoaderDelegate from class [org.springframework.test.context.cache.DefaultCacheAwareContextLoaderDelegate]
08:55:29.632 [main] DEBUG org.springframework.test.context.BootstrapUtils - Instantiating BootstrapContext using constructor [public org.springframework.test.context.support.DefaultBootstrapContext(java.lang.Class,org.springframework.test.context.CacheAwareContextLoaderDelegate)]
08:55:29.642 [main] DEBUG org.springframework.test.context.BootstrapUtils - Instantiating TestContextBootstrapper for test class [com.quark.common.CommonApplicationTest] from class [org.springframework.boot.test.context.SpringBootTestContextBootstrapper]
08:55:29.648 [main] INFO org.springframework.boot.test.context.SpringBootTestContextBootstrapper - Neither @ContextConfiguration nor @ContextHierarchy found for test class [com.quark.common.CommonApplicationTest], using SpringBootContextLoader
08:55:29.652 [main] DEBUG org.springframework.test.context.support.AbstractContextLoader - Did not detect default resource location for test class [com.quark.common.CommonApplicationTest]: class path resource [com/quark/common/CommonApplicationTest-context.xml] does not exist
08:55:29.653 [main] DEBUG org.springframework.test.context.support.AbstractContextLoader - Did not detect default resource location for test class [com.quark.common.CommonApplicationTest]: class path resource [com/quark/common/CommonApplicationTestContext.groovy] does not exist
08:55:29.653 [main] INFO org.springframework.test.context.support.AbstractContextLoader - Could not detect default resource locations for test class [com.quark.common.CommonApplicationTest]: no resource found for suffixes {-context.xml, Context.groovy}.
08:55:29.653 [main] INFO org.springframework.test.context.support.AnnotationConfigContextLoaderUtils - Could not detect default configuration classes for test class [com.quark.common.CommonApplicationTest]: CommonApplicationTest does not declare any static, non-private, non-final, nested classes annotated with @Configuration.
08:55:29.692 [main] DEBUG org.springframework.core.env.StandardEnvironment - Adding [systemProperties] PropertySource with lowest search precedence
08:55:29.694 [main] DEBUG org.springframework.core.env.StandardEnvironment - Adding [systemEnvironment] PropertySource with lowest search precedence
08:55:29.695 [main] DEBUG org.springframework.core.env.StandardEnvironment - Initialized StandardEnvironment with PropertySources [systemProperties,systemEnvironment]
08:55:29.706 [main] DEBUG org.springframework.core.io.support.PathMatchingResourcePatternResolver - Resolved classpath location [com/quark/common/] to resources [URL [file:/C:/Users/xingqiu/Desktop/%E8%BD%AF%E5%B7%A5%E8%AF%BE%E8%AE%BE/software-bbs-master/quark-common/target/test-classes/com/quark/common/], URL [file:/C:/Users/xingqiu/Desktop/%E8%BD%AF%E5%B7%A5%E8%AF%BE%E8%AE%BE/software-bbs-master/quark-common/target/classes/com/quark/common/]]
08:55:29.706 [main] DEBUG org.springframework.core.io.support.PathMatchingResourcePatternResolver - Looking for matching resources in directory tree [C:\Users\xingqiu\Desktop\软工课设\software-bbs-master\quark-common\target\test-classes\com\quark\common]
08:55:29.706 [main] DEBUG org.springframework.core.io.support.PathMatchingResourcePatternResolver - Searching directory [C:\Users\xingqiu\Desktop\软工课设\software-bbs-master\quark-common\target\test-classes\com\quark\common] for files matching pattern [C:/Users/xingqiu/Desktop/软工课设/software-bbs-master/quark-common/target/test-classes/com/quark/common/*.class]
08:55:29.708 [main] DEBUG org.springframework.core.io.support.PathMatchingResourcePatternResolver - Looking for matching resources in directory tree [C:\Users\xingqiu\Desktop\软工课设\software-bbs-master\quark-common\target\classes\com\quark\common]
08:55:29.708 [main] DEBUG org.springframework.core.io.support.PathMatchingResourcePatternResolver - Searching directory [C:\Users\xingqiu\Desktop\软工课设\software-bbs-master\quark-common\target\classes\com\quark\common] for files matching pattern [C:/Users/xingqiu/Desktop/软工课设/software-bbs-master/quark-common/target/classes/com/quark/common/*.class]
08:55:29.709 [main] DEBUG org.springframework.core.io.support.PathMatchingResourcePatternResolver - Resolved location pattern [classpath*:com/quark/common/*.class] to resources [file [C:\Users\xingqiu\Desktop\软工课设\software-bbs-master\quark-common\target\test-classes\com\quark\common\CommonApplicationTest.class], file [C:\Users\xingqiu\Desktop\软工课设\software-bbs-master\quark-common\target\classes\com\quark\common\CommonApplication.class]]
08:55:29.736 [main] DEBUG org.springframework.context.annotation.ClassPathScanningCandidateComponentProvider - Identified candidate component class: file [C:\Users\xingqiu\Desktop\软工课设\software-bbs-master\quark-common\target\classes\com\quark\common\CommonApplication.class]
08:55:29.736 [main] INFO org.springframework.boot.test.context.SpringBootTestContextBootstrapper - Found @SpringBootConfiguration com.quark.common.CommonApplication for test class com.quark.common.CommonApplicationTest
08:55:29.739 [main] DEBUG org.springframework.boot.test.context.SpringBootTestContextBootstrapper - @TestExecutionListeners is not present for class [com.quark.common.CommonApplicationTest]: using defaults.
08:55:29.742 [main] INFO org.springframework.boot.test.context.SpringBootTestContextBootstrapper - Loaded default TestExecutionListener class names from location [META-INF/spring.factories]: [org.springframework.boot.test.mock.mockito.MockitoTestExecutionListener, org.springframework.boot.test.mock.mockito.ResetMocksTestExecutionListener, org.springframework.boot.test.autoconfigure.restdocs.RestDocsTestExecutionListener, org.springframework.boot.test.autoconfigure.web.client.MockRestServiceServerResetTestExecutionListener, org.springframework.boot.test.autoconfigure.web.servlet.MockMvcPrintOnlyOnFailureTestExecutionListener, org.springframework.boot.test.autoconfigure.web.servlet.WebDriverTestExecutionListener, org.springframework.test.context.web.ServletTestExecutionListener, org.springframework.test.context.support.DirtiesContextBeforeModesTestExecutionListener, org.springframework.test.context.support.DependencyInjectionTestExecutionListener, org.springframework.test.context.support.DirtiesContextTestExecutionListener, org.springframework.test.context.transaction.TransactionalTestExecutionListener, org.springframework.test.context.jdbc.SqlScriptsTestExecutionListener]
08:55:29.748 [main] INFO org.springframework.boot.test.context.SpringBootTestContextBootstrapper - Could not instantiate TestExecutionListener [org.springframework.test.context.web.ServletTestExecutionListener]. Specify custom listener classes or make the default listener classes (and their required dependencies) available. Offending class: [javax/servlet/ServletContext]
08:55:29.756 [main] INFO org.springframework.boot.test.context.SpringBootTestContextBootstrapper - Using TestExecutionListeners: [org.springframework.test.context.support.DirtiesContextBeforeModesTestExecutionListener@865dd6, org.springframework.boot.test.autoconfigure.SpringBootDependencyInjectionTestExecutionListener@4da4253, org.springframework.test.context.support.DirtiesContextTestExecutionListener@3972a855, org.springframework.test.context.transaction.TransactionalTestExecutionListener@62e7f11d, org.springframework.test.context.jdbc.SqlScriptsTestExecutionListener@503d687a, org.springframework.boot.test.autoconfigure.web.servlet.WebDriverTestExecutionListener@6a370f4, org.springframework.boot.test.autoconfigure.web.servlet.MockMvcPrintOnlyOnFailureTestExecutionListener@2abf4075, org.springframework.boot.test.mock.mockito.ResetMocksTestExecutionListener@770d3326, org.springframework.boot.test.autoconfigure.restdocs.RestDocsTestExecutionListener@4cc8eb05, org.springframework.boot.test.mock.mockito.MockitoTestExecutionListener@51f116b8, org.springframework.boot.test.autoconfigure.web.client.MockRestServiceServerResetTestExecutionListener@19d481b]
08:55:29.757 [main] DEBUG org.springframework.test.annotation.ProfileValueUtils - Retrieved @ProfileValueSourceConfiguration [null] for test class [com.quark.common.CommonApplicationTest]
08:55:29.757 [main] DEBUG org.springframework.test.annotation.ProfileValueUtils - Retrieved ProfileValueSource type [class org.springframework.test.annotation.SystemProfileValueSource] for class [com.quark.common.CommonApplicationTest]
08:55:29.758 [main] DEBUG org.springframework.test.annotation.ProfileValueUtils - Retrieved @ProfileValueSourceConfiguration [null] for test class [com.quark.common.CommonApplicationTest]
08:55:29.758 [main] DEBUG org.springframework.test.annotation.ProfileValueUtils - Retrieved ProfileValueSource type [class org.springframework.test.annotation.SystemProfileValueSource] for class [com.quark.common.CommonApplicationTest]
08:55:29.759 [main] DEBUG org.springframework.test.annotation.ProfileValueUtils - Retrieved @ProfileValueSourceConfiguration [null] for test class [com.quark.common.CommonApplicationTest]
08:55:29.759 [main] DEBUG org.springframework.test.annotation.ProfileValueUtils - Retrieved ProfileValueSource type [class org.springframework.test.annotation.SystemProfileValueSource] for class [com.quark.common.CommonApplicationTest]
08:55:29.762 [main] DEBUG org.springframework.test.context.support.AbstractDirtiesContextTestExecutionListener - Before test class: context [DefaultTestContext@732c2a62 testClass = CommonApplicationTest, testInstance = [null], testMethod = [null], testException = [null], mergedContextConfiguration = [MergedContextConfiguration@272ed83b testClass = CommonApplicationTest, locations = '{}', classes = '{class com.quark.common.CommonApplication}', contextInitializerClasses = '[]', activeProfiles = '{test}', propertySourceLocations = '{}', propertySourceProperties = '{org.springframework.boot.test.context.SpringBootTestContextBootstrapper=true}', contextCustomizers = set[[ImportsContextCustomizer@41fecb8b key = [@org.junit.runner.RunWith(org.springframework.test.context.junit4.SpringJUnit4ClassRunner.class), @org.springframework.boot.test.context.SpringBootTest(webEnvironment=MOCK, value={}, properties={}, classes={}), @org.springframework.context.annotation.Import({org.springframework.cache.annotation.CachingConfigurationSelector.class}), @org.springframework.test.context.BootstrapWith(org.springframework.boot.test.context.SpringBootTestContextBootstrapper.class), @org.springframework.cache.annotation.EnableCaching(mode=PROXY, order=2147483647, proxyTargetClass=false), @org.springframework.test.context.ActiveProfiles(profiles={}, resolver=org.springframework.test.context.ActiveProfilesResolver.class, value={"test"}, inheritProfiles=true)]], org.springframework.boot.test.context.SpringBootTestContextCustomizer@50eac852, org.springframework.boot.test.context.filter.ExcludeFilterContextCustomizer@7193666c, org.springframework.boot.test.json.DuplicateJsonObjectContextCustomizerFactory$DuplicateJsonObjectContextCustomizer@1dde4cb2, org.springframework.boot.test.mock.mockito.MockitoContextCustomizer@0, org.springframework.boot.test.autoconfigure.properties.PropertyMappingContextCustomizer@0, org.springframework.boot.test.autoconfigure.web.servlet.WebDriverContextCustomizerFactory$Customizer@6356695f], contextLoader = 'org.springframework.boot.test.context.SpringBootContextLoader', parent = [null]]], class annotated with @DirtiesContext [false] with mode [null].
08:55:29.762 [main] DEBUG org.springframework.test.annotation.ProfileValueUtils - Retrieved @ProfileValueSourceConfiguration [null] for test class [com.quark.common.CommonApplicationTest]
08:55:29.762 [main] DEBUG org.springframework.test.annotation.ProfileValueUtils - Retrieved ProfileValueSource type [class org.springframework.test.annotation.SystemProfileValueSource] for class [com.quark.common.CommonApplicationTest]
08:55:29.763 [main] DEBUG org.springframework.test.context.support.DependencyInjectionTestExecutionListener - Performing dependency injection for test context [[DefaultTestContext@732c2a62 testClass = CommonApplicationTest, testInstance = com.quark.common.CommonApplicationTest@4e096385, testMethod = [null], testException = [null], mergedContextConfiguration = [MergedContextConfiguration@272ed83b testClass = CommonApplicationTest, locations = '{}', classes = '{class com.quark.common.CommonApplication}', contextInitializerClasses = '[]', activeProfiles = '{test}', propertySourceLocations = '{}', propertySourceProperties = '{org.springframework.boot.test.context.SpringBootTestContextBootstrapper=true}', contextCustomizers = set[[ImportsContextCustomizer@41fecb8b key = [@org.junit.runner.RunWith(org.springframework.test.context.junit4.SpringJUnit4ClassRunner.class), @org.springframework.boot.test.context.SpringBootTest(webEnvironment=MOCK, value={}, properties={}, classes={}), @org.springframework.context.annotation.Import({org.springframework.cache.annotation.CachingConfigurationSelector.class}), @org.springframework.test.context.BootstrapWith(org.springframework.boot.test.context.SpringBootTestContextBootstrapper.class), @org.springframework.cache.annotation.EnableCaching(mode=PROXY, order=2147483647, proxyTargetClass=false), @org.springframework.test.context.ActiveProfiles(profiles={}, resolver=org.springframework.test.context.ActiveProfilesResolver.class, value={"test"}, inheritProfiles=true)]], org.springframework.boot.test.context.SpringBootTestContextCustomizer@50eac852, org.springframework.boot.test.context.filter.ExcludeFilterContextCustomizer@7193666c, org.springframework.boot.test.json.DuplicateJsonObjectContextCustomizerFactory$DuplicateJsonObjectContextCustomizer@1dde4cb2, org.springframework.boot.test.mock.mockito.MockitoContextCustomizer@0, org.springframework.boot.test.autoconfigure.properties.PropertyMappingContextCustomizer@0, org.springframework.boot.test.autoconfigure.web.servlet.WebDriverContextCustomizerFactory$Customizer@6356695f], contextLoader = 'org.springframework.boot.test.context.SpringBootContextLoader', parent = [null]]]].
08:55:29.808 [main] DEBUG org.springframework.core.env.StandardEnvironment - Adding [systemProperties] PropertySource with lowest search precedence
08:55:29.808 [main] DEBUG org.springframework.core.env.StandardEnvironment - Adding [systemEnvironment] PropertySource with lowest search precedence
08:55:29.808 [main] DEBUG org.springframework.core.env.StandardEnvironment - Initialized StandardEnvironment with PropertySources [systemProperties,systemEnvironment]
08:55:29.809 [main] DEBUG org.springframework.core.env.StandardEnvironment - Adding [test] PropertySource with highest search precedence
08:55:29.809 [main] DEBUG org.springframework.core.env.MutablePropertySources - Adding [inline] PropertySource with highest search precedence
08:55:29.812 [main] DEBUG org.springframework.test.context.support.TestPropertySourceUtils - Adding inlined properties to environment: {spring.jmx.enabled=false, org.springframework.boot.test.context.SpringBootTestContextBootstrapper=true, server.port=-1}
08:55:29.812 [main] DEBUG org.springframework.core.env.StandardEnvironment - Adding [Inlined Test Properties] PropertySource with highest search precedence

  .   ____          _            __ _ _
 /\\ / ___'_ __ _ _(_)_ __  __ _ \ \ \ \
( ( )\___ | '_ | '_| | '_ \/ _` | \ \ \ \
 \\/  ___)| |_)| | | | | || (_| |  ) ) ) )
  '  |____| .__|_| |_|_| |_\__, | / / / /
 =========|_|==============|___/=/_/_/_/
 :: Spring Boot ::        (v1.5.6.RELEASE)

2025-07-04 08:55:30.096  INFO 40592 --- [           main] com.quark.common.CommonApplicationTest   : Starting CommonApplicationTest on LAPTOP-A13J3GU2 with PID 40592 (started by 王思博 in C:\Users\xingqiu\Desktop\软工课设\software-bbs-master\quark-common)
2025-07-04 08:55:30.096  INFO 40592 --- [           main] com.quark.common.CommonApplicationTest   : The following profiles are active: test
2025-07-04 08:55:30.113  INFO 40592 --- [           main] s.c.a.AnnotationConfigApplicationContext : Refreshing org.springframework.context.annotation.AnnotationConfigApplicationContext@6bbe2511: startup date [Fri Jul 04 08:55:30 CST 2025]; root of context hierarchy
2025-07-04 08:55:31.423  INFO 40592 --- [           main] j.LocalContainerEntityManagerFactoryBean : Building JPA container EntityManagerFactory for persistence unit 'default'
2025-07-04 08:55:31.440  INFO 40592 --- [           main] o.hibernate.jpa.internal.util.LogHelper  : HHH000204: Processing PersistenceUnitInfo [
	name: default
	...]
2025-07-04 08:55:31.499  INFO 40592 --- [           main] org.hibernate.Version                    : HHH000412: Hibernate Core {5.0.12.Final}
2025-07-04 08:55:31.500  INFO 40592 --- [           main] org.hibernate.cfg.Environment            : HHH000206: hibernate.properties not found
2025-07-04 08:55:31.501  INFO 40592 --- [           main] org.hibernate.cfg.Environment            : HHH000021: Bytecode provider name : javassist
2025-07-04 08:55:31.532  INFO 40592 --- [           main] o.hibernate.annotations.common.Version   : HCANN000001: Hibernate Commons Annotations {5.0.1.Final}
2025-07-04 08:55:31.677 ERROR 40592 --- [           main] com.alibaba.druid.pool.DruidDataSource   : testWhileIdle is true, validationQuery not set
2025-07-04 08:55:31.686  INFO 40592 --- [           main] com.alibaba.druid.pool.DruidDataSource   : {dataSource-1} inited
2025-07-04 08:55:31.851  INFO 40592 --- [           main] org.hibernate.dialect.Dialect            : HHH000400: Using dialect: org.hibernate.dialect.MySQL5Dialect
2025-07-04 08:55:32.256  INFO 40592 --- [           main] org.hibernate.tool.hbm2ddl.SchemaExport  : HHH000227: Running hbm2ddl schema export
Hibernate: alter table collect drop foreign key FKk6s5f6l79b2fxwasmo1x20u2y
2025-07-04 08:55:32.261 ERROR 40592 --- [           main] org.hibernate.tool.hbm2ddl.SchemaExport  : HHH000389: Unsuccessful: alter table collect drop foreign key FKk6s5f6l79b2fxwasmo1x20u2y
2025-07-04 08:55:32.261 ERROR 40592 --- [           main] org.hibernate.tool.hbm2ddl.SchemaExport  : Table "COLLECT" not found (this database is empty); SQL statement:
alter table collect drop foreign key FKk6s5f6l79b2fxwasmo1x20u2y [42104-214]
Hibernate: alter table collect drop foreign key FKe2lyp0xuocrxaydyqpdnphjqa
2025-07-04 08:55:32.261 ERROR 40592 --- [           main] org.hibernate.tool.hbm2ddl.SchemaExport  : HHH000389: Unsuccessful: alter table collect drop foreign key FKe2lyp0xuocrxaydyqpdnphjqa
2025-07-04 08:55:32.261 ERROR 40592 --- [           main] org.hibernate.tool.hbm2ddl.SchemaExport  : Table "COLLECT" not found (this database is empty); SQL statement:
alter table collect drop foreign key FKe2lyp0xuocrxaydyqpdnphjqa [42104-214]
Hibernate: alter table favorites drop foreign key FKlyg2xt80kjg3x3vs6i9cl8445
2025-07-04 08:55:32.261 ERROR 40592 --- [           main] org.hibernate.tool.hbm2ddl.SchemaExport  : HHH000389: Unsuccessful: alter table favorites drop foreign key FKlyg2xt80kjg3x3vs6i9cl8445
2025-07-04 08:55:32.261 ERROR 40592 --- [           main] org.hibernate.tool.hbm2ddl.SchemaExport  : Table "FAVORITES" not found (this database is empty); SQL statement:
alter table favorites drop foreign key FKlyg2xt80kjg3x3vs6i9cl8445 [42104-214]
Hibernate: alter table favorites drop foreign key FKlpoi1khp6u537q7e0uwg9k6ia
2025-07-04 08:55:32.261 ERROR 40592 --- [           main] org.hibernate.tool.hbm2ddl.SchemaExport  : HHH000389: Unsuccessful: alter table favorites drop foreign key FKlpoi1khp6u537q7e0uwg9k6ia
2025-07-04 08:55:32.261 ERROR 40592 --- [           main] org.hibernate.tool.hbm2ddl.SchemaExport  : Table "FAVORITES" not found (this database is empty); SQL statement:
alter table favorites drop foreign key FKlpoi1khp6u537q7e0uwg9k6ia [42104-214]
Hibernate: alter table quark_adminuser_role drop foreign key FK26lllx1jn0c1k8f8oj2qt4io1
2025-07-04 08:55:32.261 ERROR 40592 --- [           main] org.hibernate.tool.hbm2ddl.SchemaExport  : HHH000389: Unsuccessful: alter table quark_adminuser_role drop foreign key FK26lllx1jn0c1k8f8oj2qt4io1
2025-07-04 08:55:32.262 ERROR 40592 --- [           main] org.hibernate.tool.hbm2ddl.SchemaExport  : Table "QUARK_ADMINUSER_ROLE" not found (this database is empty); SQL statement:
alter table quark_adminuser_role drop foreign key FK26lllx1jn0c1k8f8oj2qt4io1 [42104-214]
Hibernate: alter table quark_adminuser_role drop foreign key FKatv5o94k3fooskwr53rvqfven
2025-07-04 08:55:32.262 ERROR 40592 --- [           main] org.hibernate.tool.hbm2ddl.SchemaExport  : HHH000389: Unsuccessful: alter table quark_adminuser_role drop foreign key FKatv5o94k3fooskwr53rvqfven
2025-07-04 08:55:32.262 ERROR 40592 --- [           main] org.hibernate.tool.hbm2ddl.SchemaExport  : Table "QUARK_ADMINUSER_ROLE" not found (this database is empty); SQL statement:
alter table quark_adminuser_role drop foreign key FKatv5o94k3fooskwr53rvqfven [42104-214]
Hibernate: alter table quark_notification drop foreign key FKac4wjs0b3992ohkf61jy4ilmj
2025-07-04 08:55:32.262 ERROR 40592 --- [           main] org.hibernate.tool.hbm2ddl.SchemaExport  : HHH000389: Unsuccessful: alter table quark_notification drop foreign key FKac4wjs0b3992ohkf61jy4ilmj
2025-07-04 08:55:32.262 ERROR 40592 --- [           main] org.hibernate.tool.hbm2ddl.SchemaExport  : Table "QUARK_NOTIFICATION" not found (this database is empty); SQL statement:
alter table quark_notification drop foreign key FKac4wjs0b3992ohkf61jy4ilmj [42104-214]
Hibernate: alter table quark_notification drop foreign key FKilg05a7ki3vkv7lfjnn57pdw2
2025-07-04 08:55:32.262 ERROR 40592 --- [           main] org.hibernate.tool.hbm2ddl.SchemaExport  : HHH000389: Unsuccessful: alter table quark_notification drop foreign key FKilg05a7ki3vkv7lfjnn57pdw2
2025-07-04 08:55:32.262 ERROR 40592 --- [           main] org.hibernate.tool.hbm2ddl.SchemaExport  : Table "QUARK_NOTIFICATION" not found (this database is empty); SQL statement:
alter table quark_notification drop foreign key FKilg05a7ki3vkv7lfjnn57pdw2 [42104-214]
Hibernate: alter table quark_notification drop foreign key FKquscxmtiqggsch7w833ywubux
2025-07-04 08:55:32.262 ERROR 40592 --- [           main] org.hibernate.tool.hbm2ddl.SchemaExport  : HHH000389: Unsuccessful: alter table quark_notification drop foreign key FKquscxmtiqggsch7w833ywubux
2025-07-04 08:55:32.262 ERROR 40592 --- [           main] org.hibernate.tool.hbm2ddl.SchemaExport  : Table "QUARK_NOTIFICATION" not found (this database is empty); SQL statement:
alter table quark_notification drop foreign key FKquscxmtiqggsch7w833ywubux [42104-214]
Hibernate: alter table quark_posts drop foreign key FKnxd3qh1m3c0o6tc3ojfa8fm6o
2025-07-04 08:55:32.263 ERROR 40592 --- [           main] org.hibernate.tool.hbm2ddl.SchemaExport  : HHH000389: Unsuccessful: alter table quark_posts drop foreign key FKnxd3qh1m3c0o6tc3ojfa8fm6o
2025-07-04 08:55:32.263 ERROR 40592 --- [           main] org.hibernate.tool.hbm2ddl.SchemaExport  : Table "QUARK_POSTS" not found (this database is empty); SQL statement:
alter table quark_posts drop foreign key FKnxd3qh1m3c0o6tc3ojfa8fm6o [42104-214]
Hibernate: alter table quark_posts drop foreign key FK41ebsa5jpn18egdtjo6uiaugn
2025-07-04 08:55:32.263 ERROR 40592 --- [           main] org.hibernate.tool.hbm2ddl.SchemaExport  : HHH000389: Unsuccessful: alter table quark_posts drop foreign key FK41ebsa5jpn18egdtjo6uiaugn
2025-07-04 08:55:32.263 ERROR 40592 --- [           main] org.hibernate.tool.hbm2ddl.SchemaExport  : Table "QUARK_POSTS" not found (this database is empty); SQL statement:
alter table quark_posts drop foreign key FK41ebsa5jpn18egdtjo6uiaugn [42104-214]
Hibernate: alter table quark_reply drop foreign key FKnr6a7xtk9rm31ptn6gchi9113
2025-07-04 08:55:32.263 ERROR 40592 --- [           main] org.hibernate.tool.hbm2ddl.SchemaExport  : HHH000389: Unsuccessful: alter table quark_reply drop foreign key FKnr6a7xtk9rm31ptn6gchi9113
2025-07-04 08:55:32.263 ERROR 40592 --- [           main] org.hibernate.tool.hbm2ddl.SchemaExport  : Table "QUARK_REPLY" not found (this database is empty); SQL statement:
alter table quark_reply drop foreign key FKnr6a7xtk9rm31ptn6gchi9113 [42104-214]
Hibernate: alter table quark_reply drop foreign key FKnt12hb9oqfm5eamjpg27bkpvv
2025-07-04 08:55:32.263 ERROR 40592 --- [           main] org.hibernate.tool.hbm2ddl.SchemaExport  : HHH000389: Unsuccessful: alter table quark_reply drop foreign key FKnt12hb9oqfm5eamjpg27bkpvv
2025-07-04 08:55:32.263 ERROR 40592 --- [           main] org.hibernate.tool.hbm2ddl.SchemaExport  : Table "QUARK_REPLY" not found (this database is empty); SQL statement:
alter table quark_reply drop foreign key FKnt12hb9oqfm5eamjpg27bkpvv [42104-214]
Hibernate: alter table quark_role_permission drop foreign key FKlsdkf5vtsq5qvepw45r0y89jw
2025-07-04 08:55:32.264 ERROR 40592 --- [           main] org.hibernate.tool.hbm2ddl.SchemaExport  : HHH000389: Unsuccessful: alter table quark_role_permission drop foreign key FKlsdkf5vtsq5qvepw45r0y89jw
2025-07-04 08:55:32.264 ERROR 40592 --- [           main] org.hibernate.tool.hbm2ddl.SchemaExport  : Table "QUARK_ROLE_PERMISSION" not found (this database is empty); SQL statement:
alter table quark_role_permission drop foreign key FKlsdkf5vtsq5qvepw45r0y89jw [42104-214]
Hibernate: alter table quark_role_permission drop foreign key FK763ep4ix05naeoliv21sm6m81
2025-07-04 08:55:32.264 ERROR 40592 --- [           main] org.hibernate.tool.hbm2ddl.SchemaExport  : HHH000389: Unsuccessful: alter table quark_role_permission drop foreign key FK763ep4ix05naeoliv21sm6m81
2025-07-04 08:55:32.264 ERROR 40592 --- [           main] org.hibernate.tool.hbm2ddl.SchemaExport  : Table "QUARK_ROLE_PERMISSION" not found (this database is empty); SQL statement:
alter table quark_role_permission drop foreign key FK763ep4ix05naeoliv21sm6m81 [42104-214]
Hibernate: drop table if exists chat_message
Hibernate: drop table if exists collect
Hibernate: drop table if exists favorites
Hibernate: drop table if exists quark_adminuser
Hibernate: drop table if exists quark_adminuser_role
Hibernate: drop table if exists quark_label
Hibernate: drop table if exists quark_notification
Hibernate: drop table if exists quark_permission
Hibernate: drop table if exists quark_posts
Hibernate: drop table if exists quark_reply
Hibernate: drop table if exists quark_role
Hibernate: drop table if exists quark_role_permission
Hibernate: drop table if exists quark_user
Hibernate: create table chat_message (id bigint not null auto_increment, content TEXT not null, from_id bigint not null, init_time tinyblob not null, to_id bigint not null, primary key (id))
Hibernate: create table collect (id integer not null auto_increment, init_time datetime, posts_id integer not null, user_id integer not null, primary key (id))
Hibernate: create table favorites (id integer not null auto_increment, init_time datetime, posts_id integer not null, user_id integer not null, primary key (id))
Hibernate: create table quark_adminuser (id integer not null auto_increment, enable integer not null, password varchar(255) not null, username varchar(255) not null, primary key (id))
Hibernate: create table quark_adminuser_role (adminuser_id integer not null, role_id integer not null, primary key (adminuser_id, role_id))
Hibernate: create table quark_label (id integer not null auto_increment, details varchar(255), name varchar(255) not null, posts_count integer, primary key (id))
Hibernate: create table quark_notification (id integer not null auto_increment, init_time datetime not null, is_read bit, fromuser_id integer not null, posts_id integer not null, touser_id integer not null, primary key (id))
Hibernate: create table quark_permission (id integer not null auto_increment, name varchar(255), parentid integer not null, perurl varchar(255), sort integer, type integer, primary key (id))
Hibernate: create table quark_posts (id integer not null auto_increment, collet_num integer, content text, good bit not null, init_time datetime not null, like_num integer, reply_count integer, title varchar(255) not null, top bit not null, label_id integer not null, user_id integer not null, primary key (id))
Hibernate: create table quark_reply (id integer not null auto_increment, content text not null, init_time datetime, up integer, posts_id integer not null, user_id integer not null, primary key (id))
Hibernate: create table quark_role (id integer not null auto_increment, description varchar(255), name varchar(255) not null, primary key (id))
Hibernate: create table quark_role_permission (role_id integer not null, permissions_id integer not null, primary key (role_id, permissions_id))
Hibernate: create table quark_user (id integer not null auto_increment, email varchar(255) not null, enable integer not null, icon varchar(255), init_time datetime not null, password varchar(255) not null, school varchar(255), sex integer, signature varchar(255), username varchar(255) not null, primary key (id))
Hibernate: alter table collect add constraint uniq_user_post unique (user_id, posts_id)
Hibernate: alter table favorites add constraint uniq_user_post unique (user_id, posts_id)
2025-07-04 08:55:32.304 ERROR 40592 --- [           main] org.hibernate.tool.hbm2ddl.SchemaExport  : HHH000389: Unsuccessful: alter table favorites add constraint uniq_user_post unique (user_id, posts_id)
2025-07-04 08:55:32.304 ERROR 40592 --- [           main] org.hibernate.tool.hbm2ddl.SchemaExport  : Constraint "UNIQ_USER_POST" already exists; SQL statement:
alter table favorites add constraint uniq_user_post unique (user_id, posts_id) [90045-214]
Hibernate: alter table quark_adminuser add constraint UK_4erqa44qkwwkl539xouso7v4c unique (username)
Hibernate: alter table quark_label add constraint UK_6vml4ba2itmaor84892v92b1f unique (name)
Hibernate: alter table quark_posts add constraint UK_46eh0lt2x9ftqcv9tjs8meqj8 unique (title)
Hibernate: alter table quark_role add constraint UK_ff572j64wr6y4taed1c27vfo6 unique (name)
Hibernate: alter table quark_user add constraint UK_2uqfoo05i1p5qm4ntysj2ivbs unique (username)
Hibernate: alter table collect add constraint FKk6s5f6l79b2fxwasmo1x20u2y foreign key (posts_id) references quark_posts (id)
Hibernate: alter table collect add constraint FKe2lyp0xuocrxaydyqpdnphjqa foreign key (user_id) references quark_user (id)
Hibernate: alter table favorites add constraint FKlyg2xt80kjg3x3vs6i9cl8445 foreign key (posts_id) references quark_posts (id)
Hibernate: alter table favorites add constraint FKlpoi1khp6u537q7e0uwg9k6ia foreign key (user_id) references quark_user (id)
Hibernate: alter table quark_adminuser_role add constraint FK26lllx1jn0c1k8f8oj2qt4io1 foreign key (role_id) references quark_role (id)
Hibernate: alter table quark_adminuser_role add constraint FKatv5o94k3fooskwr53rvqfven foreign key (adminuser_id) references quark_adminuser (id)
Hibernate: alter table quark_notification add constraint FKac4wjs0b3992ohkf61jy4ilmj foreign key (fromuser_id) references quark_user (id)
Hibernate: alter table quark_notification add constraint FKilg05a7ki3vkv7lfjnn57pdw2 foreign key (posts_id) references quark_posts (id)
Hibernate: alter table quark_notification add constraint FKquscxmtiqggsch7w833ywubux foreign key (touser_id) references quark_user (id)
Hibernate: alter table quark_posts add constraint FKnxd3qh1m3c0o6tc3ojfa8fm6o foreign key (label_id) references quark_label (id)
Hibernate: alter table quark_posts add constraint FK41ebsa5jpn18egdtjo6uiaugn foreign key (user_id) references quark_user (id)
Hibernate: alter table quark_reply add constraint FKnr6a7xtk9rm31ptn6gchi9113 foreign key (posts_id) references quark_posts (id)
Hibernate: alter table quark_reply add constraint FKnt12hb9oqfm5eamjpg27bkpvv foreign key (user_id) references quark_user (id)
Hibernate: alter table quark_role_permission add constraint FKlsdkf5vtsq5qvepw45r0y89jw foreign key (permissions_id) references quark_permission (id)
Hibernate: alter table quark_role_permission add constraint FK763ep4ix05naeoliv21sm6m81 foreign key (role_id) references quark_role (id)
2025-07-04 08:55:32.326  INFO 40592 --- [           main] org.hibernate.tool.hbm2ddl.SchemaExport  : HHH000230: Schema export complete
2025-07-04 08:55:32.353  INFO 40592 --- [           main] j.LocalContainerEntityManagerFactoryBean : Initialized JPA EntityManagerFactory for persistence unit 'default'
2025-07-04 08:55:32.599  INFO 40592 --- [           main] o.h.h.i.QueryTranslatorFactoryInitiator  : HHH000397: Using ASTQueryTranslatorFactory
2025-07-04 08:55:32.845  INFO 40592 --- [           main] com.quark.common.CommonApplicationTest   : Started CommonApplicationTest in 3.031 seconds (JVM running for 3.54)
]]></system-out>
  </testcase>
</testsuite>