<?xml version="1.0" encoding="UTF-8"?>
<testsuite xmlns:xsi="http://www.w3.org/2001/XMLSchema-instance" xsi:noNamespaceSchemaLocation="https://maven.apache.org/surefire/maven-surefire-plugin/xsd/surefire-test-report-3.0.xsd" version="3.0" name="com.quark.chat.ChatApplicationTest" time="4.161" tests="3" errors="0" skipped="0" failures="0">
  <properties>
[...]
</properties>
  <testcase name="testUserDao" classname="com.quark.chat.ChatApplicationTest" time="0.04">
    <system-out><![CDATA[09:33:57.604 [main] DEBUG org.springframework.test.context.junit4.SpringJUnit4ClassRunner - SpringJUnit4ClassRunner constructor called with [class com.quark.chat.ChatApplicationTest]
09:33:57.607 [main] DEBUG org.springframework.test.context.BootstrapUtils - Instantiating CacheAwareContextLoaderDelegate from class [org.springframework.test.context.cache.DefaultCacheAwareContextLoaderDelegate]
09:33:57.612 [main] DEBUG org.springframework.test.context.BootstrapUtils - Instantiating BootstrapContext using constructor [public org.springframework.test.context.support.DefaultBootstrapContext(java.lang.Class,org.springframework.test.context.CacheAwareContextLoaderDelegate)]
09:33:57.623 [main] DEBUG org.springframework.test.context.BootstrapUtils - Instantiating TestContextBootstrapper for test class [com.quark.chat.ChatApplicationTest] from class [org.springframework.boot.test.context.SpringBootTestContextBootstrapper]
09:33:57.631 [main] INFO org.springframework.boot.test.context.SpringBootTestContextBootstrapper - Neither @ContextConfiguration nor @ContextHierarchy found for test class [com.quark.chat.ChatApplicationTest], using SpringBootContextLoader
09:33:57.633 [main] DEBUG org.springframework.test.context.support.AbstractContextLoader - Did not detect default resource location for test class [com.quark.chat.ChatApplicationTest]: class path resource [com/quark/chat/ChatApplicationTest-context.xml] does not exist
09:33:57.634 [main] DEBUG org.springframework.test.context.support.AbstractContextLoader - Did not detect default resource location for test class [com.quark.chat.ChatApplicationTest]: class path resource [com/quark/chat/ChatApplicationTestContext.groovy] does not exist
09:33:57.634 [main] INFO org.springframework.test.context.support.AbstractContextLoader - Could not detect default resource locations for test class [com.quark.chat.ChatApplicationTest]: no resource found for suffixes {-context.xml, Context.groovy}.
09:33:57.634 [main] INFO org.springframework.test.context.support.AnnotationConfigContextLoaderUtils - Could not detect default configuration classes for test class [com.quark.chat.ChatApplicationTest]: ChatApplicationTest does not declare any static, non-private, non-final, nested classes annotated with @Configuration.
09:33:57.660 [main] DEBUG org.springframework.test.context.support.ActiveProfilesUtils - Could not find an 'annotation declaring class' for annotation type [org.springframework.test.context.ActiveProfiles] and class [com.quark.chat.ChatApplicationTest]
09:33:57.664 [main] DEBUG org.springframework.core.env.StandardEnvironment - Adding [systemProperties] PropertySource with lowest search precedence
09:33:57.665 [main] DEBUG org.springframework.core.env.StandardEnvironment - Adding [systemEnvironment] PropertySource with lowest search precedence
09:33:57.665 [main] DEBUG org.springframework.core.env.StandardEnvironment - Initialized StandardEnvironment with PropertySources [systemProperties,systemEnvironment]
09:33:57.671 [main] DEBUG org.springframework.core.io.support.PathMatchingResourcePatternResolver - Resolved classpath location [com/quark/chat/] to resources [URL [file:/C:/Users/xingqiu/Desktop/%E8%BD%AF%E5%B7%A5%E8%AF%BE%E8%AE%BE/software-bbs-master/quark-chat/target/test-classes/com/quark/chat/], URL [file:/C:/Users/xingqiu/Desktop/%E8%BD%AF%E5%B7%A5%E8%AF%BE%E8%AE%BE/software-bbs-master/quark-chat/target/classes/com/quark/chat/]]
09:33:57.672 [main] DEBUG org.springframework.core.io.support.PathMatchingResourcePatternResolver - Looking for matching resources in directory tree [C:\Users\xingqiu\Desktop\软工课设\software-bbs-master\quark-chat\target\test-classes\com\quark\chat]
09:33:57.672 [main] DEBUG org.springframework.core.io.support.PathMatchingResourcePatternResolver - Searching directory [C:\Users\xingqiu\Desktop\软工课设\software-bbs-master\quark-chat\target\test-classes\com\quark\chat] for files matching pattern [C:/Users/xingqiu/Desktop/软工课设/software-bbs-master/quark-chat/target/test-classes/com/quark/chat/*.class]
09:33:57.674 [main] DEBUG org.springframework.core.io.support.PathMatchingResourcePatternResolver - Looking for matching resources in directory tree [C:\Users\xingqiu\Desktop\软工课设\software-bbs-master\quark-chat\target\classes\com\quark\chat]
09:33:57.674 [main] DEBUG org.springframework.core.io.support.PathMatchingResourcePatternResolver - Searching directory [C:\Users\xingqiu\Desktop\软工课设\software-bbs-master\quark-chat\target\classes\com\quark\chat] for files matching pattern [C:/Users/xingqiu/Desktop/软工课设/software-bbs-master/quark-chat/target/classes/com/quark/chat/*.class]
09:33:57.676 [main] DEBUG org.springframework.core.io.support.PathMatchingResourcePatternResolver - Resolved location pattern [classpath*:com/quark/chat/*.class] to resources [file [C:\Users\xingqiu\Desktop\软工课设\software-bbs-master\quark-chat\target\test-classes\com\quark\chat\ChatApplicationTest.class], file [C:\Users\xingqiu\Desktop\软工课设\software-bbs-master\quark-chat\target\classes\com\quark\chat\ChatApplication.class]]
09:33:57.706 [main] DEBUG org.springframework.context.annotation.ClassPathScanningCandidateComponentProvider - Identified candidate component class: file [C:\Users\xingqiu\Desktop\软工课设\software-bbs-master\quark-chat\target\classes\com\quark\chat\ChatApplication.class]
09:33:57.707 [main] INFO org.springframework.boot.test.context.SpringBootTestContextBootstrapper - Found @SpringBootConfiguration com.quark.chat.ChatApplication for test class com.quark.chat.ChatApplicationTest
09:33:57.709 [main] DEBUG org.springframework.boot.test.context.SpringBootTestContextBootstrapper - @TestExecutionListeners is not present for class [com.quark.chat.ChatApplicationTest]: using defaults.
09:33:57.712 [main] INFO org.springframework.boot.test.context.SpringBootTestContextBootstrapper - Loaded default TestExecutionListener class names from location [META-INF/spring.factories]: [org.springframework.boot.test.mock.mockito.MockitoTestExecutionListener, org.springframework.boot.test.mock.mockito.ResetMocksTestExecutionListener, org.springframework.boot.test.autoconfigure.restdocs.RestDocsTestExecutionListener, org.springframework.boot.test.autoconfigure.web.client.MockRestServiceServerResetTestExecutionListener, org.springframework.boot.test.autoconfigure.web.servlet.MockMvcPrintOnlyOnFailureTestExecutionListener, org.springframework.boot.test.autoconfigure.web.servlet.WebDriverTestExecutionListener, org.springframework.test.context.web.ServletTestExecutionListener, org.springframework.test.context.support.DirtiesContextBeforeModesTestExecutionListener, org.springframework.test.context.support.DependencyInjectionTestExecutionListener, org.springframework.test.context.support.DirtiesContextTestExecutionListener, org.springframework.test.context.transaction.TransactionalTestExecutionListener, org.springframework.test.context.jdbc.SqlScriptsTestExecutionListener]
09:33:57.728 [main] INFO org.springframework.boot.test.context.SpringBootTestContextBootstrapper - Could not instantiate TestExecutionListener [org.springframework.test.context.web.ServletTestExecutionListener]. Specify custom listener classes or make the default listener classes (and their required dependencies) available. Offending class: [javax/servlet/ServletContext]
09:33:57.729 [main] INFO org.springframework.boot.test.context.SpringBootTestContextBootstrapper - Using TestExecutionListeners: [org.springframework.test.context.support.DirtiesContextBeforeModesTestExecutionListener@29d89d5d, org.springframework.boot.test.autoconfigure.SpringBootDependencyInjectionTestExecutionListener@3514a4c0, org.springframework.test.context.support.DirtiesContextTestExecutionListener@212b5695, org.springframework.test.context.transaction.TransactionalTestExecutionListener@446293d, org.springframework.test.context.jdbc.SqlScriptsTestExecutionListener@69997e9d, org.springframework.boot.test.autoconfigure.restdocs.RestDocsTestExecutionListener@793be5ca, org.springframework.boot.test.autoconfigure.web.servlet.WebDriverTestExecutionListener@2df9b86, org.springframework.boot.test.autoconfigure.web.client.MockRestServiceServerResetTestExecutionListener@37654521, org.springframework.boot.test.autoconfigure.web.servlet.MockMvcPrintOnlyOnFailureTestExecutionListener@15aab8c6, org.springframework.boot.test.mock.mockito.ResetMocksTestExecutionListener@33990a0c, org.springframework.boot.test.mock.mockito.MockitoTestExecutionListener@4de4b452]
09:33:57.731 [main] DEBUG org.springframework.test.annotation.ProfileValueUtils - Retrieved @ProfileValueSourceConfiguration [null] for test class [com.quark.chat.ChatApplicationTest]
09:33:57.731 [main] DEBUG org.springframework.test.annotation.ProfileValueUtils - Retrieved ProfileValueSource type [class org.springframework.test.annotation.SystemProfileValueSource] for class [com.quark.chat.ChatApplicationTest]
09:33:57.732 [main] DEBUG org.springframework.test.annotation.ProfileValueUtils - Retrieved @ProfileValueSourceConfiguration [null] for test class [com.quark.chat.ChatApplicationTest]
09:33:57.732 [main] DEBUG org.springframework.test.annotation.ProfileValueUtils - Retrieved ProfileValueSource type [class org.springframework.test.annotation.SystemProfileValueSource] for class [com.quark.chat.ChatApplicationTest]
09:33:57.733 [main] DEBUG org.springframework.test.annotation.ProfileValueUtils - Retrieved @ProfileValueSourceConfiguration [null] for test class [com.quark.chat.ChatApplicationTest]
09:33:57.733 [main] DEBUG org.springframework.test.annotation.ProfileValueUtils - Retrieved ProfileValueSource type [class org.springframework.test.annotation.SystemProfileValueSource] for class [com.quark.chat.ChatApplicationTest]
09:33:57.736 [main] DEBUG org.springframework.test.context.support.AbstractDirtiesContextTestExecutionListener - Before test class: context [DefaultTestContext@25084a1e testClass = ChatApplicationTest, testInstance = [null], testMethod = [null], testException = [null], mergedContextConfiguration = [MergedContextConfiguration@156b88f5 testClass = ChatApplicationTest, locations = '{}', classes = '{class com.quark.chat.ChatApplication}', contextInitializerClasses = '[]', activeProfiles = '{}', propertySourceLocations = '{classpath:chat.properties}', propertySourceProperties = '{org.springframework.boot.test.context.SpringBootTestContextBootstrapper=true}', contextCustomizers = set[org.springframework.boot.test.context.SpringBootTestContextCustomizer@1a451d4d, org.springframework.boot.test.context.filter.ExcludeFilterContextCustomizer@8dbdac1, org.springframework.boot.test.json.DuplicateJsonObjectContextCustomizerFactory$DuplicateJsonObjectContextCustomizer@3ce1e309, org.springframework.boot.test.mock.mockito.MockitoContextCustomizer@0, org.springframework.boot.test.autoconfigure.properties.PropertyMappingContextCustomizer@0, org.springframework.boot.test.autoconfigure.web.servlet.WebDriverContextCustomizerFactory$Customizer@478190fc], contextLoader = 'org.springframework.boot.test.context.SpringBootContextLoader', parent = [null]]], class annotated with @DirtiesContext [false] with mode [null].
09:33:57.737 [main] DEBUG org.springframework.test.annotation.ProfileValueUtils - Retrieved @ProfileValueSourceConfiguration [null] for test class [com.quark.chat.ChatApplicationTest]
09:33:57.737 [main] DEBUG org.springframework.test.annotation.ProfileValueUtils - Retrieved ProfileValueSource type [class org.springframework.test.annotation.SystemProfileValueSource] for class [com.quark.chat.ChatApplicationTest]
09:33:57.737 [main] DEBUG org.springframework.test.context.support.DependencyInjectionTestExecutionListener - Performing dependency injection for test context [[DefaultTestContext@25084a1e testClass = ChatApplicationTest, testInstance = com.quark.chat.ChatApplicationTest@3232a28a, testMethod = [null], testException = [null], mergedContextConfiguration = [MergedContextConfiguration@156b88f5 testClass = ChatApplicationTest, locations = '{}', classes = '{class com.quark.chat.ChatApplication}', contextInitializerClasses = '[]', activeProfiles = '{}', propertySourceLocations = '{classpath:chat.properties}', propertySourceProperties = '{org.springframework.boot.test.context.SpringBootTestContextBootstrapper=true}', contextCustomizers = set[org.springframework.boot.test.context.SpringBootTestContextCustomizer@1a451d4d, org.springframework.boot.test.context.filter.ExcludeFilterContextCustomizer@8dbdac1, org.springframework.boot.test.json.DuplicateJsonObjectContextCustomizerFactory$DuplicateJsonObjectContextCustomizer@3ce1e309, org.springframework.boot.test.mock.mockito.MockitoContextCustomizer@0, org.springframework.boot.test.autoconfigure.properties.PropertyMappingContextCustomizer@0, org.springframework.boot.test.autoconfigure.web.servlet.WebDriverContextCustomizerFactory$Customizer@478190fc], contextLoader = 'org.springframework.boot.test.context.SpringBootContextLoader', parent = [null]]]].
09:33:57.782 [main] DEBUG org.springframework.core.env.StandardEnvironment - Adding [systemProperties] PropertySource with lowest search precedence
09:33:57.782 [main] DEBUG org.springframework.core.env.StandardEnvironment - Adding [systemEnvironment] PropertySource with lowest search precedence
09:33:57.782 [main] DEBUG org.springframework.core.env.StandardEnvironment - Initialized StandardEnvironment with PropertySources [systemProperties,systemEnvironment]
09:33:57.784 [main] DEBUG org.springframework.core.env.StandardEnvironment - Adding [class path resource [chat.properties]] PropertySource with highest search precedence
09:33:57.785 [main] DEBUG org.springframework.core.env.MutablePropertySources - Adding [inline] PropertySource with highest search precedence
09:33:57.788 [main] DEBUG org.springframework.test.context.support.TestPropertySourceUtils - Adding inlined properties to environment: {spring.jmx.enabled=false, org.springframework.boot.test.context.SpringBootTestContextBootstrapper=true, server.port=-1}
09:33:57.789 [main] DEBUG org.springframework.core.env.StandardEnvironment - Adding [Inlined Test Properties] PropertySource with highest search precedence

  .   ____          _            __ _ _
 /\\ / ___'_ __ _ _(_)_ __  __ _ \ \ \ \
( ( )\___ | '_ | '_| | '_ \/ _` | \ \ \ \
 \\/  ___)| |_)| | | | | || (_| |  ) ) ) )
  '  |____| .__|_| |_|_| |_\__, | / / / /
 =========|_|==============|___/=/_/_/_/
 :: Spring Boot ::        (v1.5.6.RELEASE)

2025-07-04 09:33:58.109  INFO 34504 --- [           main] com.quark.chat.ChatApplicationTest       : Starting ChatApplicationTest on LAPTOP-A13J3GU2 with PID 34504 (started by 王思博 in C:\Users\xingqiu\Desktop\软工课设\software-bbs-master\quark-chat)
2025-07-04 09:33:58.109  INFO 34504 --- [           main] com.quark.chat.ChatApplicationTest       : The following profiles are active: test
2025-07-04 09:33:58.124  INFO 34504 --- [           main] s.c.a.AnnotationConfigApplicationContext : Refreshing org.springframework.context.annotation.AnnotationConfigApplicationContext@1d470d0: startup date [Fri Jul 04 09:33:58 CST 2025]; root of context hierarchy
2025-07-04 09:33:58.604  INFO 34504 --- [           main] o.s.b.f.s.DefaultListableBeanFactory     : Overriding bean definition for bean 'quarkChatServer' with a different definition: replacing [Generic bean: class [com.quark.chat.server.QuarkChatServer]; scope=singleton; abstract=false; lazyInit=false; autowireMode=0; dependencyCheck=0; autowireCandidate=true; primary=false; factoryBeanName=null; factoryMethodName=null; initMethodName=null; destroyMethodName=null; defined in file [C:\Users\xingqiu\Desktop\软工课设\software-bbs-master\quark-chat\target\classes\com\quark\chat\server\QuarkChatServer.class]] with [Root bean: class [null]; scope=; abstract=false; lazyInit=false; autowireMode=3; dependencyCheck=0; autowireCandidate=true; primary=false; factoryBeanName=chatApplication; factoryMethodName=quarkChatServer; initMethodName=null; destroyMethodName=(inferred); defined in com.quark.chat.ChatApplication]
2025-07-04 09:33:58.716  INFO 34504 --- [           main] .s.d.r.c.RepositoryConfigurationDelegate : Multiple Spring Data modules found, entering strict repository configuration mode!
2025-07-04 09:33:58.876  INFO 34504 --- [           main] .s.d.r.c.RepositoryConfigurationDelegate : Multiple Spring Data modules found, entering strict repository configuration mode!
2025-07-04 09:33:58.918  INFO 34504 --- [           main] .RepositoryConfigurationExtensionSupport : Spring Data Redis - Could not safely identify store assignment for repository candidate interface com.quark.common.dao.LabelDao.
2025-07-04 09:33:58.919  INFO 34504 --- [           main] .RepositoryConfigurationExtensionSupport : Spring Data Redis - Could not safely identify store assignment for repository candidate interface com.quark.common.dao.AdminUserDao.
2025-07-04 09:33:58.919  INFO 34504 --- [           main] .RepositoryConfigurationExtensionSupport : Spring Data Redis - Could not safely identify store assignment for repository candidate interface com.quark.common.dao.UserDao.
2025-07-04 09:33:58.920  INFO 34504 --- [           main] .RepositoryConfigurationExtensionSupport : Spring Data Redis - Could not safely identify store assignment for repository candidate interface com.quark.common.dao.NotificationDao.
2025-07-04 09:33:58.920  INFO 34504 --- [           main] .RepositoryConfigurationExtensionSupport : Spring Data Redis - Could not safely identify store assignment for repository candidate interface com.quark.common.dao.PermissionDao.
2025-07-04 09:33:58.921  INFO 34504 --- [           main] .RepositoryConfigurationExtensionSupport : Spring Data Redis - Could not safely identify store assignment for repository candidate interface com.quark.common.dao.FavoritesDao.
2025-07-04 09:33:58.922  INFO 34504 --- [           main] .RepositoryConfigurationExtensionSupport : Spring Data Redis - Could not safely identify store assignment for repository candidate interface com.quark.common.dao.ReplyDao.
2025-07-04 09:33:58.922  INFO 34504 --- [           main] .RepositoryConfigurationExtensionSupport : Spring Data Redis - Could not safely identify store assignment for repository candidate interface com.quark.common.dao.RoleDao.
2025-07-04 09:33:58.922  INFO 34504 --- [           main] .RepositoryConfigurationExtensionSupport : Spring Data Redis - Could not safely identify store assignment for repository candidate interface com.quark.common.dao.ChatMessageDao.
2025-07-04 09:33:58.922  INFO 34504 --- [           main] .RepositoryConfigurationExtensionSupport : Spring Data Redis - Could not safely identify store assignment for repository candidate interface com.quark.common.dao.CollectDao.
2025-07-04 09:33:58.923  INFO 34504 --- [           main] .RepositoryConfigurationExtensionSupport : Spring Data Redis - Could not safely identify store assignment for repository candidate interface com.quark.common.dao.PostsDao.
2025-07-04 09:33:59.474  INFO 34504 --- [           main] j.LocalContainerEntityManagerFactoryBean : Building JPA container EntityManagerFactory for persistence unit 'default'
2025-07-04 09:33:59.489  INFO 34504 --- [           main] o.hibernate.jpa.internal.util.LogHelper  : HHH000204: Processing PersistenceUnitInfo [
	name: default
	...]
2025-07-04 09:33:59.549  INFO 34504 --- [           main] org.hibernate.Version                    : HHH000412: Hibernate Core {5.0.12.Final}
2025-07-04 09:33:59.550  INFO 34504 --- [           main] org.hibernate.cfg.Environment            : HHH000206: hibernate.properties not found
2025-07-04 09:33:59.552  INFO 34504 --- [           main] org.hibernate.cfg.Environment            : HHH000021: Bytecode provider name : javassist
2025-07-04 09:33:59.588  INFO 34504 --- [           main] o.hibernate.annotations.common.Version   : HCANN000001: Hibernate Commons Annotations {5.0.1.Final}
2025-07-04 09:33:59.758 ERROR 34504 --- [           main] com.alibaba.druid.pool.DruidDataSource   : testWhileIdle is true, validationQuery not set
2025-07-04 09:33:59.765  INFO 34504 --- [           main] com.alibaba.druid.pool.DruidDataSource   : {dataSource-1} inited
2025-07-04 09:33:59.948  INFO 34504 --- [           main] org.hibernate.dialect.Dialect            : HHH000400: Using dialect: org.hibernate.dialect.MySQL5Dialect
2025-07-04 09:34:00.353  INFO 34504 --- [           main] org.hibernate.tool.hbm2ddl.SchemaExport  : HHH000227: Running hbm2ddl schema export
Hibernate: alter table collect drop foreign key FKk6s5f6l79b2fxwasmo1x20u2y
2025-07-04 09:34:00.357 ERROR 34504 --- [           main] org.hibernate.tool.hbm2ddl.SchemaExport  : HHH000389: Unsuccessful: alter table collect drop foreign key FKk6s5f6l79b2fxwasmo1x20u2y
2025-07-04 09:34:00.357 ERROR 34504 --- [           main] org.hibernate.tool.hbm2ddl.SchemaExport  : Table "COLLECT" not found (this database is empty); SQL statement:
alter table collect drop foreign key FKk6s5f6l79b2fxwasmo1x20u2y [42104-214]
Hibernate: alter table collect drop foreign key FKe2lyp0xuocrxaydyqpdnphjqa
2025-07-04 09:34:00.357 ERROR 34504 --- [           main] org.hibernate.tool.hbm2ddl.SchemaExport  : HHH000389: Unsuccessful: alter table collect drop foreign key FKe2lyp0xuocrxaydyqpdnphjqa
2025-07-04 09:34:00.357 ERROR 34504 --- [           main] org.hibernate.tool.hbm2ddl.SchemaExport  : Table "COLLECT" not found (this database is empty); SQL statement:
alter table collect drop foreign key FKe2lyp0xuocrxaydyqpdnphjqa [42104-214]
Hibernate: alter table favorites drop foreign key FKlyg2xt80kjg3x3vs6i9cl8445
2025-07-04 09:34:00.357 ERROR 34504 --- [           main] org.hibernate.tool.hbm2ddl.SchemaExport  : HHH000389: Unsuccessful: alter table favorites drop foreign key FKlyg2xt80kjg3x3vs6i9cl8445
2025-07-04 09:34:00.357 ERROR 34504 --- [           main] org.hibernate.tool.hbm2ddl.SchemaExport  : Table "FAVORITES" not found (this database is empty); SQL statement:
alter table favorites drop foreign key FKlyg2xt80kjg3x3vs6i9cl8445 [42104-214]
Hibernate: alter table favorites drop foreign key FKlpoi1khp6u537q7e0uwg9k6ia
2025-07-04 09:34:00.358 ERROR 34504 --- [           main] org.hibernate.tool.hbm2ddl.SchemaExport  : HHH000389: Unsuccessful: alter table favorites drop foreign key FKlpoi1khp6u537q7e0uwg9k6ia
2025-07-04 09:34:00.358 ERROR 34504 --- [           main] org.hibernate.tool.hbm2ddl.SchemaExport  : Table "FAVORITES" not found (this database is empty); SQL statement:
alter table favorites drop foreign key FKlpoi1khp6u537q7e0uwg9k6ia [42104-214]
Hibernate: alter table quark_adminuser_role drop foreign key FK26lllx1jn0c1k8f8oj2qt4io1
2025-07-04 09:34:00.358 ERROR 34504 --- [           main] org.hibernate.tool.hbm2ddl.SchemaExport  : HHH000389: Unsuccessful: alter table quark_adminuser_role drop foreign key FK26lllx1jn0c1k8f8oj2qt4io1
2025-07-04 09:34:00.358 ERROR 34504 --- [           main] org.hibernate.tool.hbm2ddl.SchemaExport  : Table "QUARK_ADMINUSER_ROLE" not found (this database is empty); SQL statement:
alter table quark_adminuser_role drop foreign key FK26lllx1jn0c1k8f8oj2qt4io1 [42104-214]
Hibernate: alter table quark_adminuser_role drop foreign key FKatv5o94k3fooskwr53rvqfven
2025-07-04 09:34:00.358 ERROR 34504 --- [           main] org.hibernate.tool.hbm2ddl.SchemaExport  : HHH000389: Unsuccessful: alter table quark_adminuser_role drop foreign key FKatv5o94k3fooskwr53rvqfven
2025-07-04 09:34:00.358 ERROR 34504 --- [           main] org.hibernate.tool.hbm2ddl.SchemaExport  : Table "QUARK_ADMINUSER_ROLE" not found (this database is empty); SQL statement:
alter table quark_adminuser_role drop foreign key FKatv5o94k3fooskwr53rvqfven [42104-214]
Hibernate: alter table quark_notification drop foreign key FKac4wjs0b3992ohkf61jy4ilmj
2025-07-04 09:34:00.358 ERROR 34504 --- [           main] org.hibernate.tool.hbm2ddl.SchemaExport  : HHH000389: Unsuccessful: alter table quark_notification drop foreign key FKac4wjs0b3992ohkf61jy4ilmj
2025-07-04 09:34:00.358 ERROR 34504 --- [           main] org.hibernate.tool.hbm2ddl.SchemaExport  : Table "QUARK_NOTIFICATION" not found (this database is empty); SQL statement:
alter table quark_notification drop foreign key FKac4wjs0b3992ohkf61jy4ilmj [42104-214]
Hibernate: alter table quark_notification drop foreign key FKilg05a7ki3vkv7lfjnn57pdw2
2025-07-04 09:34:00.358 ERROR 34504 --- [           main] org.hibernate.tool.hbm2ddl.SchemaExport  : HHH000389: Unsuccessful: alter table quark_notification drop foreign key FKilg05a7ki3vkv7lfjnn57pdw2
2025-07-04 09:34:00.358 ERROR 34504 --- [           main] org.hibernate.tool.hbm2ddl.SchemaExport  : Table "QUARK_NOTIFICATION" not found (this database is empty); SQL statement:
alter table quark_notification drop foreign key FKilg05a7ki3vkv7lfjnn57pdw2 [42104-214]
Hibernate: alter table quark_notification drop foreign key FKquscxmtiqggsch7w833ywubux
2025-07-04 09:34:00.358 ERROR 34504 --- [           main] org.hibernate.tool.hbm2ddl.SchemaExport  : HHH000389: Unsuccessful: alter table quark_notification drop foreign key FKquscxmtiqggsch7w833ywubux
2025-07-04 09:34:00.358 ERROR 34504 --- [           main] org.hibernate.tool.hbm2ddl.SchemaExport  : Table "QUARK_NOTIFICATION" not found (this database is empty); SQL statement:
alter table quark_notification drop foreign key FKquscxmtiqggsch7w833ywubux [42104-214]
Hibernate: alter table quark_posts drop foreign key FKnxd3qh1m3c0o6tc3ojfa8fm6o
2025-07-04 09:34:00.358 ERROR 34504 --- [           main] org.hibernate.tool.hbm2ddl.SchemaExport  : HHH000389: Unsuccessful: alter table quark_posts drop foreign key FKnxd3qh1m3c0o6tc3ojfa8fm6o
2025-07-04 09:34:00.358 ERROR 34504 --- [           main] org.hibernate.tool.hbm2ddl.SchemaExport  : Table "QUARK_POSTS" not found (this database is empty); SQL statement:
alter table quark_posts drop foreign key FKnxd3qh1m3c0o6tc3ojfa8fm6o [42104-214]
Hibernate: alter table quark_posts drop foreign key FK41ebsa5jpn18egdtjo6uiaugn
2025-07-04 09:34:00.358 ERROR 34504 --- [           main] org.hibernate.tool.hbm2ddl.SchemaExport  : HHH000389: Unsuccessful: alter table quark_posts drop foreign key FK41ebsa5jpn18egdtjo6uiaugn
2025-07-04 09:34:00.358 ERROR 34504 --- [           main] org.hibernate.tool.hbm2ddl.SchemaExport  : Table "QUARK_POSTS" not found (this database is empty); SQL statement:
alter table quark_posts drop foreign key FK41ebsa5jpn18egdtjo6uiaugn [42104-214]
Hibernate: alter table quark_reply drop foreign key FKnr6a7xtk9rm31ptn6gchi9113
2025-07-04 09:34:00.359 ERROR 34504 --- [           main] org.hibernate.tool.hbm2ddl.SchemaExport  : HHH000389: Unsuccessful: alter table quark_reply drop foreign key FKnr6a7xtk9rm31ptn6gchi9113
2025-07-04 09:34:00.359 ERROR 34504 --- [           main] org.hibernate.tool.hbm2ddl.SchemaExport  : Table "QUARK_REPLY" not found (this database is empty); SQL statement:
alter table quark_reply drop foreign key FKnr6a7xtk9rm31ptn6gchi9113 [42104-214]
Hibernate: alter table quark_reply drop foreign key FKnt12hb9oqfm5eamjpg27bkpvv
2025-07-04 09:34:00.359 ERROR 34504 --- [           main] org.hibernate.tool.hbm2ddl.SchemaExport  : HHH000389: Unsuccessful: alter table quark_reply drop foreign key FKnt12hb9oqfm5eamjpg27bkpvv
2025-07-04 09:34:00.359 ERROR 34504 --- [           main] org.hibernate.tool.hbm2ddl.SchemaExport  : Table "QUARK_REPLY" not found (this database is empty); SQL statement:
alter table quark_reply drop foreign key FKnt12hb9oqfm5eamjpg27bkpvv [42104-214]
Hibernate: alter table quark_role_permission drop foreign key FKlsdkf5vtsq5qvepw45r0y89jw
2025-07-04 09:34:00.359 ERROR 34504 --- [           main] org.hibernate.tool.hbm2ddl.SchemaExport  : HHH000389: Unsuccessful: alter table quark_role_permission drop foreign key FKlsdkf5vtsq5qvepw45r0y89jw
2025-07-04 09:34:00.359 ERROR 34504 --- [           main] org.hibernate.tool.hbm2ddl.SchemaExport  : Table "QUARK_ROLE_PERMISSION" not found (this database is empty); SQL statement:
alter table quark_role_permission drop foreign key FKlsdkf5vtsq5qvepw45r0y89jw [42104-214]
Hibernate: alter table quark_role_permission drop foreign key FK763ep4ix05naeoliv21sm6m81
2025-07-04 09:34:00.359 ERROR 34504 --- [           main] org.hibernate.tool.hbm2ddl.SchemaExport  : HHH000389: Unsuccessful: alter table quark_role_permission drop foreign key FK763ep4ix05naeoliv21sm6m81
2025-07-04 09:34:00.359 ERROR 34504 --- [           main] org.hibernate.tool.hbm2ddl.SchemaExport  : Table "QUARK_ROLE_PERMISSION" not found (this database is empty); SQL statement:
alter table quark_role_permission drop foreign key FK763ep4ix05naeoliv21sm6m81 [42104-214]
Hibernate: drop table if exists chat_message
Hibernate: drop table if exists collect
Hibernate: drop table if exists favorites
Hibernate: drop table if exists quark_adminuser
Hibernate: drop table if exists quark_adminuser_role
Hibernate: drop table if exists quark_label
Hibernate: drop table if exists quark_notification
Hibernate: drop table if exists quark_permission
Hibernate: drop table if exists quark_posts
Hibernate: drop table if exists quark_reply
Hibernate: drop table if exists quark_role
Hibernate: drop table if exists quark_role_permission
Hibernate: drop table if exists quark_user
Hibernate: create table chat_message (id bigint not null auto_increment, content TEXT not null, from_id bigint not null, init_time tinyblob not null, to_id bigint not null, primary key (id))
Hibernate: create table collect (id integer not null auto_increment, init_time datetime, posts_id integer not null, user_id integer not null, primary key (id))
Hibernate: create table favorites (id integer not null auto_increment, init_time datetime, posts_id integer not null, user_id integer not null, primary key (id))
Hibernate: create table quark_adminuser (id integer not null auto_increment, enable integer not null, password varchar(255) not null, username varchar(255) not null, primary key (id))
Hibernate: create table quark_adminuser_role (adminuser_id integer not null, role_id integer not null, primary key (adminuser_id, role_id))
Hibernate: create table quark_label (id integer not null auto_increment, details varchar(255), name varchar(255) not null, posts_count integer, primary key (id))
Hibernate: create table quark_notification (id integer not null auto_increment, init_time datetime not null, is_read bit, fromuser_id integer not null, posts_id integer not null, touser_id integer not null, primary key (id))
Hibernate: create table quark_permission (id integer not null auto_increment, name varchar(255), parentid integer not null, perurl varchar(255), sort integer, type integer, primary key (id))
Hibernate: create table quark_posts (id integer not null auto_increment, collet_num integer, content text, good bit not null, init_time datetime not null, like_num integer, reply_count integer, title varchar(255) not null, top bit not null, label_id integer not null, user_id integer not null, primary key (id))
Hibernate: create table quark_reply (id integer not null auto_increment, content text not null, init_time datetime, up integer, posts_id integer not null, user_id integer not null, primary key (id))
Hibernate: create table quark_role (id integer not null auto_increment, description varchar(255), name varchar(255) not null, primary key (id))
Hibernate: create table quark_role_permission (role_id integer not null, permissions_id integer not null, primary key (role_id, permissions_id))
Hibernate: create table quark_user (id integer not null auto_increment, email varchar(255) not null, enable integer not null, icon varchar(255), init_time datetime not null, password varchar(255) not null, school varchar(255), sex integer, signature varchar(255), username varchar(255) not null, primary key (id))
Hibernate: alter table collect add constraint uniq_user_post unique (user_id, posts_id)
Hibernate: alter table favorites add constraint uniq_user_post unique (user_id, posts_id)
2025-07-04 09:34:00.374 ERROR 34504 --- [           main] org.hibernate.tool.hbm2ddl.SchemaExport  : HHH000389: Unsuccessful: alter table favorites add constraint uniq_user_post unique (user_id, posts_id)
2025-07-04 09:34:00.376 ERROR 34504 --- [           main] org.hibernate.tool.hbm2ddl.SchemaExport  : Constraint "UNIQ_USER_POST" already exists; SQL statement:
alter table favorites add constraint uniq_user_post unique (user_id, posts_id) [90045-214]
Hibernate: alter table quark_adminuser add constraint UK_4erqa44qkwwkl539xouso7v4c unique (username)
Hibernate: alter table quark_label add constraint UK_6vml4ba2itmaor84892v92b1f unique (name)
Hibernate: alter table quark_posts add constraint UK_46eh0lt2x9ftqcv9tjs8meqj8 unique (title)
Hibernate: alter table quark_role add constraint UK_ff572j64wr6y4taed1c27vfo6 unique (name)
Hibernate: alter table quark_user add constraint UK_2uqfoo05i1p5qm4ntysj2ivbs unique (username)
Hibernate: alter table collect add constraint FKk6s5f6l79b2fxwasmo1x20u2y foreign key (posts_id) references quark_posts (id)
Hibernate: alter table collect add constraint FKe2lyp0xuocrxaydyqpdnphjqa foreign key (user_id) references quark_user (id)
Hibernate: alter table favorites add constraint FKlyg2xt80kjg3x3vs6i9cl8445 foreign key (posts_id) references quark_posts (id)
Hibernate: alter table favorites add constraint FKlpoi1khp6u537q7e0uwg9k6ia foreign key (user_id) references quark_user (id)
Hibernate: alter table quark_adminuser_role add constraint FK26lllx1jn0c1k8f8oj2qt4io1 foreign key (role_id) references quark_role (id)
Hibernate: alter table quark_adminuser_role add constraint FKatv5o94k3fooskwr53rvqfven foreign key (adminuser_id) references quark_adminuser (id)
Hibernate: alter table quark_notification add constraint FKac4wjs0b3992ohkf61jy4ilmj foreign key (fromuser_id) references quark_user (id)
Hibernate: alter table quark_notification add constraint FKilg05a7ki3vkv7lfjnn57pdw2 foreign key (posts_id) references quark_posts (id)
Hibernate: alter table quark_notification add constraint FKquscxmtiqggsch7w833ywubux foreign key (touser_id) references quark_user (id)
Hibernate: alter table quark_posts add constraint FKnxd3qh1m3c0o6tc3ojfa8fm6o foreign key (label_id) references quark_label (id)
Hibernate: alter table quark_posts add constraint FK41ebsa5jpn18egdtjo6uiaugn foreign key (user_id) references quark_user (id)
Hibernate: alter table quark_reply add constraint FKnr6a7xtk9rm31ptn6gchi9113 foreign key (posts_id) references quark_posts (id)
Hibernate: alter table quark_reply add constraint FKnt12hb9oqfm5eamjpg27bkpvv foreign key (user_id) references quark_user (id)
Hibernate: alter table quark_role_permission add constraint FKlsdkf5vtsq5qvepw45r0y89jw foreign key (permissions_id) references quark_permission (id)
Hibernate: alter table quark_role_permission add constraint FK763ep4ix05naeoliv21sm6m81 foreign key (role_id) references quark_role (id)
2025-07-04 09:34:00.396  INFO 34504 --- [           main] org.hibernate.tool.hbm2ddl.SchemaExport  : HHH000230: Schema export complete
2025-07-04 09:34:00.420  INFO 34504 --- [           main] j.LocalContainerEntityManagerFactoryBean : Initialized JPA EntityManagerFactory for persistence unit 'default'
2025-07-04 09:34:00.833  INFO 34504 --- [           main] com.quark.chat.server.QuarkChatServer    : server init
2025-07-04 09:34:01.322  INFO 34504 --- [           main] o.h.h.i.QueryTranslatorFactoryInitiator  : HHH000397: Using ASTQueryTranslatorFactory
2025-07-04 09:34:01.530  INFO 34504 --- [           main] com.quark.chat.server.QuarkChatServer    : server start
2025-07-04 09:34:01.615  WARN 34504 --- [           main] io.netty.bootstrap.ServerBootstrap       : Unknown channel option 'SO_KEEPALIVE' for channel '[id: 0xae7cafda]'
2025-07-04 09:34:01.616  WARN 34504 --- [           main] io.netty.bootstrap.ServerBootstrap       : Unknown channel option 'TCP_NODELAY' for channel '[id: 0xae7cafda]'
2025-07-04 09:34:01.623  INFO 34504 --- [           main] com.quark.chat.server.QuarkChatServer    : QuarkChat start success ,host is :0:0:0:0:0:0:0:0,port is:8083
2025-07-04 09:34:01.625  INFO 34504 --- [           main] com.quark.chat.ChatApplicationTest       : Started ChatApplicationTest in 3.834 seconds (JVM running for 4.318)
Hibernate: select user0_.id as id1_12_0_, user0_.email as email2_12_0_, user0_.enable as enable3_12_0_, user0_.icon as icon4_12_0_, user0_.init_time as init_tim5_12_0_, user0_.password as password6_12_0_, user0_.school as school7_12_0_, user0_.sex as sex8_12_0_, user0_.signature as signatur9_12_0_, user0_.username as usernam10_12_0_ from quark_user user0_ where user0_.id=?
null
]]></system-out>
  </testcase>
  <testcase name="testNumber" classname="com.quark.chat.ChatApplicationTest" time="0.003">
    <system-out><![CDATA[16
]]></system-out>
  </testcase>
  <testcase name="testService" classname="com.quark.chat.ChatApplicationTest" time="0.001"/>
</testsuite>