<?xml version="1.0" encoding="UTF-8"?>
<testsuite xmlns:xsi="http://www.w3.org/2001/XMLSchema-instance" xsi:noNamespaceSchemaLocation="https://maven.apache.org/surefire/maven-surefire-plugin/xsd/surefire-test-report-3.0.xsd" version="3.0" name="com.quark.rest.RestApplicationTest" time="6.24" tests="1" errors="0" skipped="0" failures="0">
  <properties>
[...]
</properties>
  <testcase name="testDataSource" classname="com.quark.rest.RestApplicationTest" time="0.033">
    <system-out><![CDATA[08:55:44.624 [main] DEBUG org.springframework.test.context.junit4.SpringJUnit4ClassRunner - SpringJUnit4ClassRunner constructor called with [class com.quark.rest.RestApplicationTest]
08:55:44.628 [main] DEBUG org.springframework.test.context.BootstrapUtils - Instantiating CacheAwareContextLoaderDelegate from class [org.springframework.test.context.cache.DefaultCacheAwareContextLoaderDelegate]
08:55:44.634 [main] DEBUG org.springframework.test.context.BootstrapUtils - Instantiating BootstrapContext using constructor [public org.springframework.test.context.support.DefaultBootstrapContext(java.lang.Class,org.springframework.test.context.CacheAwareContextLoaderDelegate)]
08:55:44.643 [main] DEBUG org.springframework.test.context.BootstrapUtils - Instantiating TestContextBootstrapper for test class [com.quark.rest.RestApplicationTest] from class [org.springframework.boot.test.context.SpringBootTestContextBootstrapper]
08:55:44.643 [main] INFO org.springframework.boot.test.context.SpringBootTestContextBootstrapper - Neither @ContextConfiguration nor @ContextHierarchy found for test class [com.quark.rest.RestApplicationTest], using SpringBootContextLoader
08:55:44.643 [main] DEBUG org.springframework.test.context.support.AbstractContextLoader - Did not detect default resource location for test class [com.quark.rest.RestApplicationTest]: class path resource [com/quark/rest/RestApplicationTest-context.xml] does not exist
08:55:44.643 [main] DEBUG org.springframework.test.context.support.AbstractContextLoader - Did not detect default resource location for test class [com.quark.rest.RestApplicationTest]: class path resource [com/quark/rest/RestApplicationTestContext.groovy] does not exist
08:55:44.643 [main] INFO org.springframework.test.context.support.AbstractContextLoader - Could not detect default resource locations for test class [com.quark.rest.RestApplicationTest]: no resource found for suffixes {-context.xml, Context.groovy}.
08:55:44.643 [main] INFO org.springframework.test.context.support.AnnotationConfigContextLoaderUtils - Could not detect default configuration classes for test class [com.quark.rest.RestApplicationTest]: RestApplicationTest does not declare any static, non-private, non-final, nested classes annotated with @Configuration.
08:55:44.684 [main] DEBUG org.springframework.test.context.support.ActiveProfilesUtils - Could not find an 'annotation declaring class' for annotation type [org.springframework.test.context.ActiveProfiles] and class [com.quark.rest.RestApplicationTest]
08:55:44.689 [main] DEBUG org.springframework.core.env.StandardEnvironment - Adding [systemProperties] PropertySource with lowest search precedence
08:55:44.690 [main] DEBUG org.springframework.core.env.StandardEnvironment - Adding [systemEnvironment] PropertySource with lowest search precedence
08:55:44.690 [main] DEBUG org.springframework.core.env.StandardEnvironment - Initialized StandardEnvironment with PropertySources [systemProperties,systemEnvironment]
08:55:44.696 [main] DEBUG org.springframework.core.io.support.PathMatchingResourcePatternResolver - Resolved classpath location [com/quark/rest/] to resources [URL [file:/C:/Users/xingqiu/Desktop/%E8%BD%AF%E5%B7%A5%E8%AF%BE%E8%AE%BE/software-bbs-master/quark-rest/target/test-classes/com/quark/rest/], URL [file:/C:/Users/xingqiu/Desktop/%E8%BD%AF%E5%B7%A5%E8%AF%BE%E8%AE%BE/software-bbs-master/quark-rest/target/classes/com/quark/rest/]]
08:55:44.696 [main] DEBUG org.springframework.core.io.support.PathMatchingResourcePatternResolver - Looking for matching resources in directory tree [C:\Users\xingqiu\Desktop\软工课设\software-bbs-master\quark-rest\target\test-classes\com\quark\rest]
08:55:44.697 [main] DEBUG org.springframework.core.io.support.PathMatchingResourcePatternResolver - Searching directory [C:\Users\xingqiu\Desktop\软工课设\software-bbs-master\quark-rest\target\test-classes\com\quark\rest] for files matching pattern [C:/Users/xingqiu/Desktop/软工课设/software-bbs-master/quark-rest/target/test-classes/com/quark/rest/*.class]
08:55:44.699 [main] DEBUG org.springframework.core.io.support.PathMatchingResourcePatternResolver - Looking for matching resources in directory tree [C:\Users\xingqiu\Desktop\软工课设\software-bbs-master\quark-rest\target\classes\com\quark\rest]
08:55:44.699 [main] DEBUG org.springframework.core.io.support.PathMatchingResourcePatternResolver - Searching directory [C:\Users\xingqiu\Desktop\软工课设\software-bbs-master\quark-rest\target\classes\com\quark\rest] for files matching pattern [C:/Users/xingqiu/Desktop/软工课设/software-bbs-master/quark-rest/target/classes/com/quark/rest/*.class]
08:55:44.701 [main] DEBUG org.springframework.core.io.support.PathMatchingResourcePatternResolver - Resolved location pattern [classpath*:com/quark/rest/*.class] to resources [file [C:\Users\xingqiu\Desktop\软工课设\software-bbs-master\quark-rest\target\test-classes\com\quark\rest\RestApplicationTest.class], file [C:\Users\xingqiu\Desktop\软工课设\software-bbs-master\quark-rest\target\classes\com\quark\rest\RestApplication.class], file [C:\Users\xingqiu\Desktop\软工课设\software-bbs-master\quark-rest\target\classes\com\quark\rest\Swagger2Configuration.class]]
08:55:44.733 [main] DEBUG org.springframework.context.annotation.ClassPathScanningCandidateComponentProvider - Identified candidate component class: file [C:\Users\xingqiu\Desktop\软工课设\software-bbs-master\quark-rest\target\classes\com\quark\rest\RestApplication.class]
08:55:44.736 [main] INFO org.springframework.boot.test.context.SpringBootTestContextBootstrapper - Found @SpringBootConfiguration com.quark.rest.RestApplication for test class com.quark.rest.RestApplicationTest
08:55:44.738 [main] DEBUG org.springframework.boot.test.context.SpringBootTestContextBootstrapper - @TestExecutionListeners is not present for class [com.quark.rest.RestApplicationTest]: using defaults.
08:55:44.742 [main] INFO org.springframework.boot.test.context.SpringBootTestContextBootstrapper - Loaded default TestExecutionListener class names from location [META-INF/spring.factories]: [org.springframework.boot.test.mock.mockito.MockitoTestExecutionListener, org.springframework.boot.test.mock.mockito.ResetMocksTestExecutionListener, org.springframework.boot.test.autoconfigure.restdocs.RestDocsTestExecutionListener, org.springframework.boot.test.autoconfigure.web.client.MockRestServiceServerResetTestExecutionListener, org.springframework.boot.test.autoconfigure.web.servlet.MockMvcPrintOnlyOnFailureTestExecutionListener, org.springframework.boot.test.autoconfigure.web.servlet.WebDriverTestExecutionListener, org.springframework.test.context.web.ServletTestExecutionListener, org.springframework.test.context.support.DirtiesContextBeforeModesTestExecutionListener, org.springframework.test.context.support.DependencyInjectionTestExecutionListener, org.springframework.test.context.support.DirtiesContextTestExecutionListener, org.springframework.test.context.transaction.TransactionalTestExecutionListener, org.springframework.test.context.jdbc.SqlScriptsTestExecutionListener]
08:55:44.758 [main] INFO org.springframework.boot.test.context.SpringBootTestContextBootstrapper - Using TestExecutionListeners: [org.springframework.test.context.web.ServletTestExecutionListener@6f46426d, org.springframework.test.context.support.DirtiesContextBeforeModesTestExecutionListener@73700b80, org.springframework.boot.test.autoconfigure.SpringBootDependencyInjectionTestExecutionListener@49c7b90e, org.springframework.test.context.support.DirtiesContextTestExecutionListener@10d307f1, org.springframework.test.context.transaction.TransactionalTestExecutionListener@4d5b6aac, org.springframework.test.context.jdbc.SqlScriptsTestExecutionListener@3e84448c, org.springframework.boot.test.autoconfigure.web.client.MockRestServiceServerResetTestExecutionListener@4a7f959b, org.springframework.boot.test.autoconfigure.restdocs.RestDocsTestExecutionListener@429bffaa, org.springframework.boot.test.autoconfigure.web.servlet.WebDriverTestExecutionListener@5403f35f, org.springframework.boot.test.mock.mockito.ResetMocksTestExecutionListener@483f6d77, org.springframework.boot.test.autoconfigure.web.servlet.MockMvcPrintOnlyOnFailureTestExecutionListener@7e5afaa6, org.springframework.boot.test.mock.mockito.MockitoTestExecutionListener@63a12c68]
08:55:44.759 [main] DEBUG org.springframework.test.annotation.ProfileValueUtils - Retrieved @ProfileValueSourceConfiguration [null] for test class [com.quark.rest.RestApplicationTest]
08:55:44.760 [main] DEBUG org.springframework.test.annotation.ProfileValueUtils - Retrieved ProfileValueSource type [class org.springframework.test.annotation.SystemProfileValueSource] for class [com.quark.rest.RestApplicationTest]
08:55:44.761 [main] DEBUG org.springframework.test.annotation.ProfileValueUtils - Retrieved @ProfileValueSourceConfiguration [null] for test class [com.quark.rest.RestApplicationTest]
08:55:44.761 [main] DEBUG org.springframework.test.annotation.ProfileValueUtils - Retrieved ProfileValueSource type [class org.springframework.test.annotation.SystemProfileValueSource] for class [com.quark.rest.RestApplicationTest]
08:55:44.762 [main] DEBUG org.springframework.test.annotation.ProfileValueUtils - Retrieved @ProfileValueSourceConfiguration [null] for test class [com.quark.rest.RestApplicationTest]
08:55:44.762 [main] DEBUG org.springframework.test.annotation.ProfileValueUtils - Retrieved ProfileValueSource type [class org.springframework.test.annotation.SystemProfileValueSource] for class [com.quark.rest.RestApplicationTest]
08:55:44.764 [main] DEBUG org.springframework.test.context.support.AbstractDirtiesContextTestExecutionListener - Before test class: context [DefaultTestContext@3f6b0be5 testClass = RestApplicationTest, testInstance = [null], testMethod = [null], testException = [null], mergedContextConfiguration = [WebMergedContextConfiguration@611889f4 testClass = RestApplicationTest, locations = '{}', classes = '{class com.quark.rest.RestApplication}', contextInitializerClasses = '[]', activeProfiles = '{}', propertySourceLocations = '{classpath:rest.properties}', propertySourceProperties = '{org.springframework.boot.test.context.SpringBootTestContextBootstrapper=true}', contextCustomizers = set[org.springframework.boot.test.context.SpringBootTestContextCustomizer@5fdcaa40, org.springframework.boot.test.context.filter.ExcludeFilterContextCustomizer@3ce1e309, org.springframework.boot.test.json.DuplicateJsonObjectContextCustomizerFactory$DuplicateJsonObjectContextCustomizer@74e52303, org.springframework.boot.test.mock.mockito.MockitoContextCustomizer@0, org.springframework.boot.test.autoconfigure.properties.PropertyMappingContextCustomizer@0, org.springframework.boot.test.autoconfigure.web.servlet.WebDriverContextCustomizerFactory$Customizer@35cabb2a], resourceBasePath = 'src/main/webapp', contextLoader = 'org.springframework.boot.test.context.SpringBootContextLoader', parent = [null]]], class annotated with @DirtiesContext [false] with mode [null].
08:55:44.765 [main] DEBUG org.springframework.test.annotation.ProfileValueUtils - Retrieved @ProfileValueSourceConfiguration [null] for test class [com.quark.rest.RestApplicationTest]
08:55:44.765 [main] DEBUG org.springframework.test.annotation.ProfileValueUtils - Retrieved ProfileValueSource type [class org.springframework.test.annotation.SystemProfileValueSource] for class [com.quark.rest.RestApplicationTest]
08:55:44.811 [main] DEBUG org.springframework.core.env.StandardEnvironment - Adding [systemProperties] PropertySource with lowest search precedence
08:55:44.811 [main] DEBUG org.springframework.core.env.StandardEnvironment - Adding [systemEnvironment] PropertySource with lowest search precedence
08:55:44.811 [main] DEBUG org.springframework.core.env.StandardEnvironment - Initialized StandardEnvironment with PropertySources [systemProperties,systemEnvironment]
08:55:44.812 [main] DEBUG org.springframework.core.env.StandardEnvironment - Adding [class path resource [rest.properties]] PropertySource with highest search precedence
08:55:44.813 [main] DEBUG org.springframework.core.env.MutablePropertySources - Adding [inline] PropertySource with highest search precedence
08:55:44.816 [main] DEBUG org.springframework.test.context.support.TestPropertySourceUtils - Adding inlined properties to environment: {spring.jmx.enabled=false, org.springframework.boot.test.context.SpringBootTestContextBootstrapper=true, server.port=-1}
08:55:44.817 [main] DEBUG org.springframework.core.env.StandardEnvironment - Adding [Inlined Test Properties] PropertySource with highest search precedence

  .   ____          _            __ _ _
 /\\ / ___'_ __ _ _(_)_ __  __ _ \ \ \ \
( ( )\___ | '_ | '_| | '_ \/ _` | \ \ \ \
 \\/  ___)| |_)| | | | | || (_| |  ) ) ) )
  '  |____| .__|_| |_|_| |_\__, | / / / /
 =========|_|==============|___/=/_/_/_/
 :: Spring Boot ::        (v1.5.6.RELEASE)

2025-07-04 08:55:45.141  INFO 8292 --- [           main] com.quark.rest.RestApplicationTest       : Starting RestApplicationTest on LAPTOP-A13J3GU2 with PID 8292 (started by 王思博 in C:\Users\xingqiu\Desktop\软工课设\software-bbs-master\quark-rest)
2025-07-04 08:55:45.141  INFO 8292 --- [           main] com.quark.rest.RestApplicationTest       : The following profiles are active: test
2025-07-04 08:55:45.173  INFO 8292 --- [           main] o.s.w.c.s.GenericWebApplicationContext   : Refreshing org.springframework.web.context.support.GenericWebApplicationContext@78f5c518: startup date [Fri Jul 04 08:55:45 CST 2025]; root of context hierarchy
2025-07-04 08:55:45.174 DEBUG 8292 --- [           main] o.s.w.c.s.GenericWebApplicationContext   : Bean factory for org.springframework.web.context.support.GenericWebApplicationContext@78f5c518: org.springframework.beans.factory.support.DefaultListableBeanFactory@354fc8f0: defining beans [org.springframework.boot.test.mock.mockito.MockitoPostProcessor$SpyPostProcessor,org.springframework.boot.test.mock.mockito.MockitoPostProcessor,org.springframework.context.annotation.internalConfigurationAnnotationProcessor,org.springframework.context.annotation.internalAutowiredAnnotationProcessor,org.springframework.context.annotation.internalRequiredAnnotationProcessor,org.springframework.context.annotation.internalCommonAnnotationProcessor,org.springframework.context.annotation.internalPersistenceAnnotationProcessor,org.springframework.context.event.internalEventListenerProcessor,org.springframework.context.event.internalEventListenerFactory,restApplication]; root of factory hierarchy
2025-07-04 08:55:46.410  INFO 8292 --- [           main] .s.d.r.c.RepositoryConfigurationDelegate : Multiple Spring Data modules found, entering strict repository configuration mode!
2025-07-04 08:55:46.580  INFO 8292 --- [           main] .s.d.r.c.RepositoryConfigurationDelegate : Multiple Spring Data modules found, entering strict repository configuration mode!
2025-07-04 08:55:46.636  INFO 8292 --- [           main] .RepositoryConfigurationExtensionSupport : Spring Data Redis - Could not safely identify store assignment for repository candidate interface com.quark.common.dao.LabelDao.
2025-07-04 08:55:46.638  INFO 8292 --- [           main] .RepositoryConfigurationExtensionSupport : Spring Data Redis - Could not safely identify store assignment for repository candidate interface com.quark.common.dao.AdminUserDao.
2025-07-04 08:55:46.638  INFO 8292 --- [           main] .RepositoryConfigurationExtensionSupport : Spring Data Redis - Could not safely identify store assignment for repository candidate interface com.quark.common.dao.UserDao.
2025-07-04 08:55:46.639  INFO 8292 --- [           main] .RepositoryConfigurationExtensionSupport : Spring Data Redis - Could not safely identify store assignment for repository candidate interface com.quark.common.dao.NotificationDao.
2025-07-04 08:55:46.639  INFO 8292 --- [           main] .RepositoryConfigurationExtensionSupport : Spring Data Redis - Could not safely identify store assignment for repository candidate interface com.quark.common.dao.PermissionDao.
2025-07-04 08:55:46.640  INFO 8292 --- [           main] .RepositoryConfigurationExtensionSupport : Spring Data Redis - Could not safely identify store assignment for repository candidate interface com.quark.common.dao.FavoritesDao.
2025-07-04 08:55:46.640  INFO 8292 --- [           main] .RepositoryConfigurationExtensionSupport : Spring Data Redis - Could not safely identify store assignment for repository candidate interface com.quark.common.dao.ReplyDao.
2025-07-04 08:55:46.641  INFO 8292 --- [           main] .RepositoryConfigurationExtensionSupport : Spring Data Redis - Could not safely identify store assignment for repository candidate interface com.quark.common.dao.RoleDao.
2025-07-04 08:55:46.641  INFO 8292 --- [           main] .RepositoryConfigurationExtensionSupport : Spring Data Redis - Could not safely identify store assignment for repository candidate interface com.quark.common.dao.ChatMessageDao.
2025-07-04 08:55:46.641  INFO 8292 --- [           main] .RepositoryConfigurationExtensionSupport : Spring Data Redis - Could not safely identify store assignment for repository candidate interface com.quark.common.dao.CollectDao.
2025-07-04 08:55:46.642  INFO 8292 --- [           main] .RepositoryConfigurationExtensionSupport : Spring Data Redis - Could not safely identify store assignment for repository candidate interface com.quark.common.dao.PostsDao.
2025-07-04 08:55:46.977  WARN 8292 --- [           main] figurationPropertiesBindingPostProcessor : Multiple PropertySourcesPlaceholderConfigurer beans registered [propertySourcesPlaceholderConfigurer, swaggerProperties], falling back to Environment
2025-07-04 08:55:47.146  INFO 8292 --- [           main] trationDelegate$BeanPostProcessorChecker : Bean 'org.springframework.transaction.annotation.ProxyTransactionManagementConfiguration' of type [org.springframework.transaction.annotation.ProxyTransactionManagementConfiguration$$EnhancerBySpringCGLIB$$d93f2125] is not eligible for getting processed by all BeanPostProcessors (for example: not eligible for auto-proxying)
2025-07-04 08:55:47.235  INFO 8292 --- [           main] trationDelegate$BeanPostProcessorChecker : Bean 'redisConfig' of type [com.quark.rest.config.RedisConfig$$EnhancerBySpringCGLIB$$934a3790] is not eligible for getting processed by all BeanPostProcessors (for example: not eligible for auto-proxying)
2025-07-04 08:55:47.241  INFO 8292 --- [           main] trationDelegate$BeanPostProcessorChecker : Bean 'keyGenerator' of type [com.quark.rest.config.RedisConfig$1] is not eligible for getting processed by all BeanPostProcessors (for example: not eligible for auto-proxying)
2025-07-04 08:55:47.242  INFO 8292 --- [           main] trationDelegate$BeanPostProcessorChecker : Bean 'org.springframework.cache.annotation.ProxyCachingConfiguration' of type [org.springframework.cache.annotation.ProxyCachingConfiguration$$EnhancerBySpringCGLIB$$22515743] is not eligible for getting processed by all BeanPostProcessors (for example: not eligible for auto-proxying)
2025-07-04 08:55:47.271 DEBUG 8292 --- [           main] o.s.w.c.s.GenericWebApplicationContext   : Unable to locate MessageSource with name 'messageSource': using default [org.springframework.context.support.DelegatingMessageSource@111c229c]
2025-07-04 08:55:47.272 DEBUG 8292 --- [           main] o.s.w.c.s.GenericWebApplicationContext   : Unable to locate ApplicationEventMulticaster with name 'applicationEventMulticaster': using default [org.springframework.context.event.SimpleApplicationEventMulticaster@49cb3881]
2025-07-04 08:55:47.554  INFO 8292 --- [           main] j.LocalContainerEntityManagerFactoryBean : Building JPA container EntityManagerFactory for persistence unit 'default'
2025-07-04 08:55:47.569  INFO 8292 --- [           main] o.hibernate.jpa.internal.util.LogHelper  : HHH000204: Processing PersistenceUnitInfo [
	name: default
	...]
2025-07-04 08:55:47.648  INFO 8292 --- [           main] org.hibernate.Version                    : HHH000412: Hibernate Core {5.0.12.Final}
2025-07-04 08:55:47.649  INFO 8292 --- [           main] org.hibernate.cfg.Environment            : HHH000206: hibernate.properties not found
2025-07-04 08:55:47.651  INFO 8292 --- [           main] org.hibernate.cfg.Environment            : HHH000021: Bytecode provider name : javassist
2025-07-04 08:55:47.682  INFO 8292 --- [           main] o.hibernate.annotations.common.Version   : HCANN000001: Hibernate Commons Annotations {5.0.1.Final}
2025-07-04 08:55:47.786 ERROR 8292 --- [           main] com.alibaba.druid.pool.DruidDataSource   : testWhileIdle is true, validationQuery not set
2025-07-04 08:55:47.797  INFO 8292 --- [           main] com.alibaba.druid.pool.DruidDataSource   : {dataSource-1} inited
2025-07-04 08:55:47.983  INFO 8292 --- [           main] org.hibernate.dialect.Dialect            : HHH000400: Using dialect: org.hibernate.dialect.MySQL5Dialect
2025-07-04 08:55:48.388  INFO 8292 --- [           main] org.hibernate.tool.hbm2ddl.SchemaExport  : HHH000227: Running hbm2ddl schema export
Hibernate: alter table collect drop foreign key FKk6s5f6l79b2fxwasmo1x20u2y
2025-07-04 08:55:48.391 ERROR 8292 --- [           main] org.hibernate.tool.hbm2ddl.SchemaExport  : HHH000389: Unsuccessful: alter table collect drop foreign key FKk6s5f6l79b2fxwasmo1x20u2y
2025-07-04 08:55:48.391 ERROR 8292 --- [           main] org.hibernate.tool.hbm2ddl.SchemaExport  : Table "COLLECT" not found (this database is empty); SQL statement:
alter table collect drop foreign key FKk6s5f6l79b2fxwasmo1x20u2y [42104-214]
Hibernate: alter table collect drop foreign key FKe2lyp0xuocrxaydyqpdnphjqa
2025-07-04 08:55:48.392 ERROR 8292 --- [           main] org.hibernate.tool.hbm2ddl.SchemaExport  : HHH000389: Unsuccessful: alter table collect drop foreign key FKe2lyp0xuocrxaydyqpdnphjqa
2025-07-04 08:55:48.392 ERROR 8292 --- [           main] org.hibernate.tool.hbm2ddl.SchemaExport  : Table "COLLECT" not found (this database is empty); SQL statement:
alter table collect drop foreign key FKe2lyp0xuocrxaydyqpdnphjqa [42104-214]
Hibernate: alter table favorites drop foreign key FKlyg2xt80kjg3x3vs6i9cl8445
2025-07-04 08:55:48.392 ERROR 8292 --- [           main] org.hibernate.tool.hbm2ddl.SchemaExport  : HHH000389: Unsuccessful: alter table favorites drop foreign key FKlyg2xt80kjg3x3vs6i9cl8445
2025-07-04 08:55:48.392 ERROR 8292 --- [           main] org.hibernate.tool.hbm2ddl.SchemaExport  : Table "FAVORITES" not found (this database is empty); SQL statement:
alter table favorites drop foreign key FKlyg2xt80kjg3x3vs6i9cl8445 [42104-214]
Hibernate: alter table favorites drop foreign key FKlpoi1khp6u537q7e0uwg9k6ia
2025-07-04 08:55:48.392 ERROR 8292 --- [           main] org.hibernate.tool.hbm2ddl.SchemaExport  : HHH000389: Unsuccessful: alter table favorites drop foreign key FKlpoi1khp6u537q7e0uwg9k6ia
2025-07-04 08:55:48.392 ERROR 8292 --- [           main] org.hibernate.tool.hbm2ddl.SchemaExport  : Table "FAVORITES" not found (this database is empty); SQL statement:
alter table favorites drop foreign key FKlpoi1khp6u537q7e0uwg9k6ia [42104-214]
Hibernate: alter table quark_adminuser_role drop foreign key FK26lllx1jn0c1k8f8oj2qt4io1
2025-07-04 08:55:48.392 ERROR 8292 --- [           main] org.hibernate.tool.hbm2ddl.SchemaExport  : HHH000389: Unsuccessful: alter table quark_adminuser_role drop foreign key FK26lllx1jn0c1k8f8oj2qt4io1
2025-07-04 08:55:48.393 ERROR 8292 --- [           main] org.hibernate.tool.hbm2ddl.SchemaExport  : Table "QUARK_ADMINUSER_ROLE" not found (this database is empty); SQL statement:
alter table quark_adminuser_role drop foreign key FK26lllx1jn0c1k8f8oj2qt4io1 [42104-214]
Hibernate: alter table quark_adminuser_role drop foreign key FKatv5o94k3fooskwr53rvqfven
2025-07-04 08:55:48.393 ERROR 8292 --- [           main] org.hibernate.tool.hbm2ddl.SchemaExport  : HHH000389: Unsuccessful: alter table quark_adminuser_role drop foreign key FKatv5o94k3fooskwr53rvqfven
2025-07-04 08:55:48.393 ERROR 8292 --- [           main] org.hibernate.tool.hbm2ddl.SchemaExport  : Table "QUARK_ADMINUSER_ROLE" not found (this database is empty); SQL statement:
alter table quark_adminuser_role drop foreign key FKatv5o94k3fooskwr53rvqfven [42104-214]
Hibernate: alter table quark_notification drop foreign key FKac4wjs0b3992ohkf61jy4ilmj
2025-07-04 08:55:48.393 ERROR 8292 --- [           main] org.hibernate.tool.hbm2ddl.SchemaExport  : HHH000389: Unsuccessful: alter table quark_notification drop foreign key FKac4wjs0b3992ohkf61jy4ilmj
2025-07-04 08:55:48.393 ERROR 8292 --- [           main] org.hibernate.tool.hbm2ddl.SchemaExport  : Table "QUARK_NOTIFICATION" not found (this database is empty); SQL statement:
alter table quark_notification drop foreign key FKac4wjs0b3992ohkf61jy4ilmj [42104-214]
Hibernate: alter table quark_notification drop foreign key FKilg05a7ki3vkv7lfjnn57pdw2
2025-07-04 08:55:48.393 ERROR 8292 --- [           main] org.hibernate.tool.hbm2ddl.SchemaExport  : HHH000389: Unsuccessful: alter table quark_notification drop foreign key FKilg05a7ki3vkv7lfjnn57pdw2
2025-07-04 08:55:48.393 ERROR 8292 --- [           main] org.hibernate.tool.hbm2ddl.SchemaExport  : Table "QUARK_NOTIFICATION" not found (this database is empty); SQL statement:
alter table quark_notification drop foreign key FKilg05a7ki3vkv7lfjnn57pdw2 [42104-214]
Hibernate: alter table quark_notification drop foreign key FKquscxmtiqggsch7w833ywubux
2025-07-04 08:55:48.393 ERROR 8292 --- [           main] org.hibernate.tool.hbm2ddl.SchemaExport  : HHH000389: Unsuccessful: alter table quark_notification drop foreign key FKquscxmtiqggsch7w833ywubux
2025-07-04 08:55:48.393 ERROR 8292 --- [           main] org.hibernate.tool.hbm2ddl.SchemaExport  : Table "QUARK_NOTIFICATION" not found (this database is empty); SQL statement:
alter table quark_notification drop foreign key FKquscxmtiqggsch7w833ywubux [42104-214]
Hibernate: alter table quark_posts drop foreign key FKnxd3qh1m3c0o6tc3ojfa8fm6o
2025-07-04 08:55:48.393 ERROR 8292 --- [           main] org.hibernate.tool.hbm2ddl.SchemaExport  : HHH000389: Unsuccessful: alter table quark_posts drop foreign key FKnxd3qh1m3c0o6tc3ojfa8fm6o
2025-07-04 08:55:48.393 ERROR 8292 --- [           main] org.hibernate.tool.hbm2ddl.SchemaExport  : Table "QUARK_POSTS" not found (this database is empty); SQL statement:
alter table quark_posts drop foreign key FKnxd3qh1m3c0o6tc3ojfa8fm6o [42104-214]
Hibernate: alter table quark_posts drop foreign key FK41ebsa5jpn18egdtjo6uiaugn
2025-07-04 08:55:48.394 ERROR 8292 --- [           main] org.hibernate.tool.hbm2ddl.SchemaExport  : HHH000389: Unsuccessful: alter table quark_posts drop foreign key FK41ebsa5jpn18egdtjo6uiaugn
2025-07-04 08:55:48.394 ERROR 8292 --- [           main] org.hibernate.tool.hbm2ddl.SchemaExport  : Table "QUARK_POSTS" not found (this database is empty); SQL statement:
alter table quark_posts drop foreign key FK41ebsa5jpn18egdtjo6uiaugn [42104-214]
Hibernate: alter table quark_reply drop foreign key FKnr6a7xtk9rm31ptn6gchi9113
2025-07-04 08:55:48.394 ERROR 8292 --- [           main] org.hibernate.tool.hbm2ddl.SchemaExport  : HHH000389: Unsuccessful: alter table quark_reply drop foreign key FKnr6a7xtk9rm31ptn6gchi9113
2025-07-04 08:55:48.394 ERROR 8292 --- [           main] org.hibernate.tool.hbm2ddl.SchemaExport  : Table "QUARK_REPLY" not found (this database is empty); SQL statement:
alter table quark_reply drop foreign key FKnr6a7xtk9rm31ptn6gchi9113 [42104-214]
Hibernate: alter table quark_reply drop foreign key FKnt12hb9oqfm5eamjpg27bkpvv
2025-07-04 08:55:48.394 ERROR 8292 --- [           main] org.hibernate.tool.hbm2ddl.SchemaExport  : HHH000389: Unsuccessful: alter table quark_reply drop foreign key FKnt12hb9oqfm5eamjpg27bkpvv
2025-07-04 08:55:48.394 ERROR 8292 --- [           main] org.hibernate.tool.hbm2ddl.SchemaExport  : Table "QUARK_REPLY" not found (this database is empty); SQL statement:
alter table quark_reply drop foreign key FKnt12hb9oqfm5eamjpg27bkpvv [42104-214]
Hibernate: alter table quark_role_permission drop foreign key FKlsdkf5vtsq5qvepw45r0y89jw
2025-07-04 08:55:48.394 ERROR 8292 --- [           main] org.hibernate.tool.hbm2ddl.SchemaExport  : HHH000389: Unsuccessful: alter table quark_role_permission drop foreign key FKlsdkf5vtsq5qvepw45r0y89jw
2025-07-04 08:55:48.394 ERROR 8292 --- [           main] org.hibernate.tool.hbm2ddl.SchemaExport  : Table "QUARK_ROLE_PERMISSION" not found (this database is empty); SQL statement:
alter table quark_role_permission drop foreign key FKlsdkf5vtsq5qvepw45r0y89jw [42104-214]
Hibernate: alter table quark_role_permission drop foreign key FK763ep4ix05naeoliv21sm6m81
2025-07-04 08:55:48.394 ERROR 8292 --- [           main] org.hibernate.tool.hbm2ddl.SchemaExport  : HHH000389: Unsuccessful: alter table quark_role_permission drop foreign key FK763ep4ix05naeoliv21sm6m81
2025-07-04 08:55:48.394 ERROR 8292 --- [           main] org.hibernate.tool.hbm2ddl.SchemaExport  : Table "QUARK_ROLE_PERMISSION" not found (this database is empty); SQL statement:
alter table quark_role_permission drop foreign key FK763ep4ix05naeoliv21sm6m81 [42104-214]
Hibernate: drop table if exists chat_message
Hibernate: drop table if exists collect
Hibernate: drop table if exists favorites
Hibernate: drop table if exists quark_adminuser
Hibernate: drop table if exists quark_adminuser_role
Hibernate: drop table if exists quark_label
Hibernate: drop table if exists quark_notification
Hibernate: drop table if exists quark_permission
Hibernate: drop table if exists quark_posts
Hibernate: drop table if exists quark_reply
Hibernate: drop table if exists quark_role
Hibernate: drop table if exists quark_role_permission
Hibernate: drop table if exists quark_user
Hibernate: create table chat_message (id bigint not null auto_increment, content TEXT not null, from_id bigint not null, init_time tinyblob not null, to_id bigint not null, primary key (id))
Hibernate: create table collect (id integer not null auto_increment, init_time datetime, posts_id integer not null, user_id integer not null, primary key (id))
Hibernate: create table favorites (id integer not null auto_increment, init_time datetime, posts_id integer not null, user_id integer not null, primary key (id))
Hibernate: create table quark_adminuser (id integer not null auto_increment, enable integer not null, password varchar(255) not null, username varchar(255) not null, primary key (id))
Hibernate: create table quark_adminuser_role (adminuser_id integer not null, role_id integer not null, primary key (adminuser_id, role_id))
Hibernate: create table quark_label (id integer not null auto_increment, details varchar(255), name varchar(255) not null, posts_count integer, primary key (id))
Hibernate: create table quark_notification (id integer not null auto_increment, init_time datetime not null, is_read bit, fromuser_id integer not null, posts_id integer not null, touser_id integer not null, primary key (id))
Hibernate: create table quark_permission (id integer not null auto_increment, name varchar(255), parentid integer not null, perurl varchar(255), sort integer, type integer, primary key (id))
Hibernate: create table quark_posts (id integer not null auto_increment, collet_num integer, content text, good bit not null, init_time datetime not null, like_num integer, reply_count integer, title varchar(255) not null, top bit not null, label_id integer not null, user_id integer not null, primary key (id))
Hibernate: create table quark_reply (id integer not null auto_increment, content text not null, init_time datetime, up integer, posts_id integer not null, user_id integer not null, primary key (id))
Hibernate: create table quark_role (id integer not null auto_increment, description varchar(255), name varchar(255) not null, primary key (id))
Hibernate: create table quark_role_permission (role_id integer not null, permissions_id integer not null, primary key (role_id, permissions_id))
Hibernate: create table quark_user (id integer not null auto_increment, email varchar(255) not null, enable integer not null, icon varchar(255), init_time datetime not null, password varchar(255) not null, school varchar(255), sex integer, signature varchar(255), username varchar(255) not null, primary key (id))
Hibernate: alter table collect add constraint uniq_user_post unique (user_id, posts_id)
Hibernate: alter table favorites add constraint uniq_user_post unique (user_id, posts_id)
2025-07-04 08:55:48.412 ERROR 8292 --- [           main] org.hibernate.tool.hbm2ddl.SchemaExport  : HHH000389: Unsuccessful: alter table favorites add constraint uniq_user_post unique (user_id, posts_id)
2025-07-04 08:55:48.412 ERROR 8292 --- [           main] org.hibernate.tool.hbm2ddl.SchemaExport  : Constraint "UNIQ_USER_POST" already exists; SQL statement:
alter table favorites add constraint uniq_user_post unique (user_id, posts_id) [90045-214]
Hibernate: alter table quark_adminuser add constraint UK_4erqa44qkwwkl539xouso7v4c unique (username)
Hibernate: alter table quark_label add constraint UK_6vml4ba2itmaor84892v92b1f unique (name)
Hibernate: alter table quark_posts add constraint UK_46eh0lt2x9ftqcv9tjs8meqj8 unique (title)
Hibernate: alter table quark_role add constraint UK_ff572j64wr6y4taed1c27vfo6 unique (name)
Hibernate: alter table quark_user add constraint UK_2uqfoo05i1p5qm4ntysj2ivbs unique (username)
Hibernate: alter table collect add constraint FKk6s5f6l79b2fxwasmo1x20u2y foreign key (posts_id) references quark_posts (id)
Hibernate: alter table collect add constraint FKe2lyp0xuocrxaydyqpdnphjqa foreign key (user_id) references quark_user (id)
Hibernate: alter table favorites add constraint FKlyg2xt80kjg3x3vs6i9cl8445 foreign key (posts_id) references quark_posts (id)
Hibernate: alter table favorites add constraint FKlpoi1khp6u537q7e0uwg9k6ia foreign key (user_id) references quark_user (id)
Hibernate: alter table quark_adminuser_role add constraint FK26lllx1jn0c1k8f8oj2qt4io1 foreign key (role_id) references quark_role (id)
Hibernate: alter table quark_adminuser_role add constraint FKatv5o94k3fooskwr53rvqfven foreign key (adminuser_id) references quark_adminuser (id)
Hibernate: alter table quark_notification add constraint FKac4wjs0b3992ohkf61jy4ilmj foreign key (fromuser_id) references quark_user (id)
Hibernate: alter table quark_notification add constraint FKilg05a7ki3vkv7lfjnn57pdw2 foreign key (posts_id) references quark_posts (id)
Hibernate: alter table quark_notification add constraint FKquscxmtiqggsch7w833ywubux foreign key (touser_id) references quark_user (id)
Hibernate: alter table quark_posts add constraint FKnxd3qh1m3c0o6tc3ojfa8fm6o foreign key (label_id) references quark_label (id)
Hibernate: alter table quark_posts add constraint FK41ebsa5jpn18egdtjo6uiaugn foreign key (user_id) references quark_user (id)
Hibernate: alter table quark_reply add constraint FKnr6a7xtk9rm31ptn6gchi9113 foreign key (posts_id) references quark_posts (id)
Hibernate: alter table quark_reply add constraint FKnt12hb9oqfm5eamjpg27bkpvv foreign key (user_id) references quark_user (id)
Hibernate: alter table quark_role_permission add constraint FKlsdkf5vtsq5qvepw45r0y89jw foreign key (permissions_id) references quark_permission (id)
Hibernate: alter table quark_role_permission add constraint FK763ep4ix05naeoliv21sm6m81 foreign key (role_id) references quark_role (id)
2025-07-04 08:55:48.436  INFO 8292 --- [           main] org.hibernate.tool.hbm2ddl.SchemaExport  : HHH000230: Schema export complete
2025-07-04 08:55:48.464  INFO 8292 --- [           main] j.LocalContainerEntityManagerFactoryBean : Initialized JPA EntityManagerFactory for persistence unit 'default'
2025-07-04 08:55:48.787  INFO 8292 --- [           main] o.h.h.i.QueryTranslatorFactoryInitiator  : HHH000397: Using ASTQueryTranslatorFactory
2025-07-04 08:55:49.087  INFO 8292 --- [           main] o.s.s.concurrent.ThreadPoolTaskExecutor  : Initializing ExecutorService  'clientInboundChannelExecutor'
2025-07-04 08:55:49.096  INFO 8292 --- [           main] o.s.s.concurrent.ThreadPoolTaskExecutor  : Initializing ExecutorService  'clientOutboundChannelExecutor'
2025-07-04 08:55:49.704 DEBUG 8292 --- [           main] s.w.s.m.m.a.RequestMappingHandlerMapping : Looking for request mappings in application context: org.springframework.web.context.support.GenericWebApplicationContext@78f5c518: startup date [Fri Jul 04 08:55:45 CST 2025]; root of context hierarchy
2025-07-04 08:55:49.714 DEBUG 8292 --- [           main] s.w.s.m.m.a.RequestMappingHandlerMapping : 3 request handler methods found on class com.quark.rest.controller.CollectController: {public com.quark.common.dto.QuarkResult com.quark.rest.controller.CollectController.collect(java.lang.Integer,java.lang.String)={[/collects],methods=[POST]}, public com.quark.common.dto.QuarkResult com.quark.rest.controller.CollectController.list(java.lang.String,int,int)={[/collects],methods=[GET]}, public com.quark.common.dto.QuarkResult com.quark.rest.controller.CollectController.cancel(java.lang.Integer,java.lang.String)={[/collects],methods=[DELETE]}}
2025-07-04 08:55:49.716  INFO 8292 --- [           main] s.w.s.m.m.a.RequestMappingHandlerMapping : Mapped "{[/collects],methods=[POST]}" onto public com.quark.common.dto.QuarkResult com.quark.rest.controller.CollectController.collect(java.lang.Integer,java.lang.String)
2025-07-04 08:55:49.716  INFO 8292 --- [           main] s.w.s.m.m.a.RequestMappingHandlerMapping : Mapped "{[/collects],methods=[GET]}" onto public com.quark.common.dto.QuarkResult com.quark.rest.controller.CollectController.list(java.lang.String,int,int)
2025-07-04 08:55:49.717  INFO 8292 --- [           main] s.w.s.m.m.a.RequestMappingHandlerMapping : Mapped "{[/collects],methods=[DELETE]}" onto public com.quark.common.dto.QuarkResult com.quark.rest.controller.CollectController.cancel(java.lang.Integer,java.lang.String)
2025-07-04 08:55:49.717 DEBUG 8292 --- [           main] s.w.s.m.m.a.RequestMappingHandlerMapping : 2 request handler methods found on class com.quark.rest.controller.FavoriteController: {public com.quark.common.dto.QuarkResult com.quark.rest.controller.FavoriteController.Favorite(java.lang.Integer,java.lang.String)={[/favorites],methods=[POST]}, public com.quark.common.dto.QuarkResult com.quark.rest.controller.FavoriteController.cancelFavorite(java.lang.Integer,java.lang.String)={[/favorites],methods=[DELETE]}}
2025-07-04 08:55:49.717  INFO 8292 --- [           main] s.w.s.m.m.a.RequestMappingHandlerMapping : Mapped "{[/favorites],methods=[POST]}" onto public com.quark.common.dto.QuarkResult com.quark.rest.controller.FavoriteController.Favorite(java.lang.Integer,java.lang.String)
2025-07-04 08:55:49.717  INFO 8292 --- [           main] s.w.s.m.m.a.RequestMappingHandlerMapping : Mapped "{[/favorites],methods=[DELETE]}" onto public com.quark.common.dto.QuarkResult com.quark.rest.controller.FavoriteController.cancelFavorite(java.lang.Integer,java.lang.String)
2025-07-04 08:55:49.717 DEBUG 8292 --- [           main] s.w.s.m.m.a.RequestMappingHandlerMapping : 1 request handler methods found on class com.quark.rest.controller.LabelController: {public com.quark.common.dto.QuarkResult com.quark.rest.controller.LabelController.getAllLabel()={[/label],methods=[GET]}}
2025-07-04 08:55:49.717  INFO 8292 --- [           main] s.w.s.m.m.a.RequestMappingHandlerMapping : Mapped "{[/label],methods=[GET]}" onto public com.quark.common.dto.QuarkResult com.quark.rest.controller.LabelController.getAllLabel()
2025-07-04 08:55:49.718 DEBUG 8292 --- [           main] s.w.s.m.m.a.RequestMappingHandlerMapping : 2 request handler methods found on class com.quark.rest.controller.NotificationController: {public com.quark.common.dto.QuarkResult com.quark.rest.controller.NotificationController.deleteAllNotification(java.lang.Integer)={[/notification/{uid}],methods=[DELETE]}, public com.quark.common.dto.QuarkResult com.quark.rest.controller.NotificationController.getAllNotification(java.lang.Integer)={[/notification/{uid}],methods=[GET]}}
2025-07-04 08:55:49.718  INFO 8292 --- [           main] s.w.s.m.m.a.RequestMappingHandlerMapping : Mapped "{[/notification/{uid}],methods=[DELETE]}" onto public com.quark.common.dto.QuarkResult com.quark.rest.controller.NotificationController.deleteAllNotification(java.lang.Integer)
2025-07-04 08:55:49.718  INFO 8292 --- [           main] s.w.s.m.m.a.RequestMappingHandlerMapping : Mapped "{[/notification/{uid}],methods=[GET]}" onto public com.quark.common.dto.QuarkResult com.quark.rest.controller.NotificationController.getAllNotification(java.lang.Integer)
2025-07-04 08:55:49.719 DEBUG 8292 --- [           main] s.w.s.m.m.a.RequestMappingHandlerMapping : 4 request handler methods found on class com.quark.rest.controller.PostsController: {public com.quark.common.dto.QuarkResult com.quark.rest.controller.PostsController.GetPosts(java.lang.String,java.lang.String,int,int,java.lang.String,int,java.lang.Integer)={[/posts],methods=[GET]}, public com.quark.common.dto.QuarkResult com.quark.rest.controller.PostsController.GetPostsByLabel(java.lang.Integer,int,int)={[/posts/label/{labelid}],methods=[GET]}, public com.quark.common.dto.QuarkResult com.quark.rest.controller.PostsController.getPostsDetail(java.lang.Integer,java.lang.String,int,int)={[/posts/detail/{postsid}],methods=[GET]}, public com.quark.common.dto.QuarkResult com.quark.rest.controller.PostsController.CreatePosts(com.quark.common.entity.Posts,java.lang.String,java.lang.Integer)={[/posts],methods=[POST]}}
2025-07-04 08:55:49.719  INFO 8292 --- [           main] s.w.s.m.m.a.RequestMappingHandlerMapping : Mapped "{[/posts],methods=[GET]}" onto public com.quark.common.dto.QuarkResult com.quark.rest.controller.PostsController.GetPosts(java.lang.String,java.lang.String,int,int,java.lang.String,int,java.lang.Integer)
2025-07-04 08:55:49.719  INFO 8292 --- [           main] s.w.s.m.m.a.RequestMappingHandlerMapping : Mapped "{[/posts/label/{labelid}],methods=[GET]}" onto public com.quark.common.dto.QuarkResult com.quark.rest.controller.PostsController.GetPostsByLabel(java.lang.Integer,int,int)
2025-07-04 08:55:49.719  INFO 8292 --- [           main] s.w.s.m.m.a.RequestMappingHandlerMapping : Mapped "{[/posts/detail/{postsid}],methods=[GET]}" onto public com.quark.common.dto.QuarkResult com.quark.rest.controller.PostsController.getPostsDetail(java.lang.Integer,java.lang.String,int,int)
2025-07-04 08:55:49.720  INFO 8292 --- [           main] s.w.s.m.m.a.RequestMappingHandlerMapping : Mapped "{[/posts],methods=[POST]}" onto public com.quark.common.dto.QuarkResult com.quark.rest.controller.PostsController.CreatePosts(com.quark.common.entity.Posts,java.lang.String,java.lang.Integer)
2025-07-04 08:55:49.720 DEBUG 8292 --- [           main] s.w.s.m.m.a.RequestMappingHandlerMapping : 2 request handler methods found on class com.quark.rest.controller.RankController: {public com.quark.common.dto.QuarkResult com.quark.rest.controller.RankController.getNewUser()={[/rank/newUsers],methods=[GET]}, public com.quark.common.dto.QuarkResult com.quark.rest.controller.RankController.getTotPosts()={[/rank/topPosts],methods=[GET]}}
2025-07-04 08:55:49.720  INFO 8292 --- [           main] s.w.s.m.m.a.RequestMappingHandlerMapping : Mapped "{[/rank/newUsers],methods=[GET]}" onto public com.quark.common.dto.QuarkResult com.quark.rest.controller.RankController.getNewUser()
2025-07-04 08:55:49.720  INFO 8292 --- [           main] s.w.s.m.m.a.RequestMappingHandlerMapping : Mapped "{[/rank/topPosts],methods=[GET]}" onto public com.quark.common.dto.QuarkResult com.quark.rest.controller.RankController.getTotPosts()
2025-07-04 08:55:49.721 DEBUG 8292 --- [           main] s.w.s.m.m.a.RequestMappingHandlerMapping : 1 request handler methods found on class com.quark.rest.controller.ReplyController: {public com.quark.common.dto.QuarkResult com.quark.rest.controller.ReplyController.CreateReply(com.quark.common.entity.Reply,java.lang.Integer,java.lang.String)={[/reply],methods=[POST]}}
2025-07-04 08:55:49.721  INFO 8292 --- [           main] s.w.s.m.m.a.RequestMappingHandlerMapping : Mapped "{[/reply],methods=[POST]}" onto public com.quark.common.dto.QuarkResult com.quark.rest.controller.ReplyController.CreateReply(com.quark.common.entity.Reply,java.lang.Integer,java.lang.String)
2025-07-04 08:55:49.722 DEBUG 8292 --- [           main] s.w.s.m.m.a.RequestMappingHandlerMapping : 2 request handler methods found on class com.quark.rest.controller.UploadController: {public com.quark.common.dto.UploadResult com.quark.rest.controller.UploadController.upload(org.springframework.web.multipart.MultipartFile)={[/upload/image],methods=[POST]}, public com.quark.common.dto.UploadResult com.quark.rest.controller.UploadController.iconUpload(java.lang.String,org.springframework.web.multipart.MultipartFile)={[/upload/usericon/{token}],methods=[POST]}}
2025-07-04 08:55:49.722  INFO 8292 --- [           main] s.w.s.m.m.a.RequestMappingHandlerMapping : Mapped "{[/upload/image],methods=[POST]}" onto public com.quark.common.dto.UploadResult com.quark.rest.controller.UploadController.upload(org.springframework.web.multipart.MultipartFile)
2025-07-04 08:55:49.722  INFO 8292 --- [           main] s.w.s.m.m.a.RequestMappingHandlerMapping : Mapped "{[/upload/usericon/{token}],methods=[POST]}" onto public com.quark.common.dto.UploadResult com.quark.rest.controller.UploadController.iconUpload(java.lang.String,org.springframework.web.multipart.MultipartFile)
2025-07-04 08:55:49.724 DEBUG 8292 --- [           main] s.w.s.m.m.a.RequestMappingHandlerMapping : 9 request handler methods found on class com.quark.rest.controller.UserController: {public com.quark.common.dto.QuarkResult com.quark.rest.controller.UserController.getUserByToken(java.lang.String)={[/user/{token}],methods=[GET]}, public com.quark.common.dto.QuarkResult com.quark.rest.controller.UserController.checkUserName(java.lang.String,java.lang.String,java.lang.String)={[/user],methods=[POST]}, public com.quark.common.dto.QuarkResult com.quark.rest.controller.UserController.updateUserSchool(java.lang.String,java.lang.String)={[/user/school/{token}],methods=[PUT]}, public com.quark.common.dto.QuarkResult com.quark.rest.controller.UserController.logout(java.lang.String)={[/user/logout],methods=[POST]}, public com.quark.common.dto.QuarkResult com.quark.rest.controller.UserController.updateUser(java.lang.String,java.lang.String,java.lang.String,java.lang.Integer)={[/user/{token}],methods=[PUT]}, public com.quark.common.dto.QuarkResult com.quark.rest.controller.UserController.getUserAndMessageByToken(java.lang.String)={[/user/message/{token}],methods=[GET]}, public com.quark.common.dto.QuarkResult com.quark.rest.controller.UserController.Login(java.lang.String,java.lang.String)={[/user/login],methods=[POST]}, public com.quark.common.dto.QuarkResult com.quark.rest.controller.UserController.updatePassword(java.lang.String,java.lang.String,java.lang.String)={[/user/password/{token}],methods=[PUT]}, public com.quark.common.dto.QuarkResult com.quark.rest.controller.UserController.getUserById(java.lang.Integer,java.lang.String)={[/user/detail/{userid}],methods=[GET]}}
2025-07-04 08:55:49.724  INFO 8292 --- [           main] s.w.s.m.m.a.RequestMappingHandlerMapping : Mapped "{[/user/{token}],methods=[GET]}" onto public com.quark.common.dto.QuarkResult com.quark.rest.controller.UserController.getUserByToken(java.lang.String)
2025-07-04 08:55:49.724  INFO 8292 --- [           main] s.w.s.m.m.a.RequestMappingHandlerMapping : Mapped "{[/user],methods=[POST]}" onto public com.quark.common.dto.QuarkResult com.quark.rest.controller.UserController.checkUserName(java.lang.String,java.lang.String,java.lang.String)
2025-07-04 08:55:49.724  INFO 8292 --- [           main] s.w.s.m.m.a.RequestMappingHandlerMapping : Mapped "{[/user/school/{token}],methods=[PUT]}" onto public com.quark.common.dto.QuarkResult com.quark.rest.controller.UserController.updateUserSchool(java.lang.String,java.lang.String)
2025-07-04 08:55:49.724  INFO 8292 --- [           main] s.w.s.m.m.a.RequestMappingHandlerMapping : Mapped "{[/user/logout],methods=[POST]}" onto public com.quark.common.dto.QuarkResult com.quark.rest.controller.UserController.logout(java.lang.String)
2025-07-04 08:55:49.724  INFO 8292 --- [           main] s.w.s.m.m.a.RequestMappingHandlerMapping : Mapped "{[/user/{token}],methods=[PUT]}" onto public com.quark.common.dto.QuarkResult com.quark.rest.controller.UserController.updateUser(java.lang.String,java.lang.String,java.lang.String,java.lang.Integer)
2025-07-04 08:55:49.725  INFO 8292 --- [           main] s.w.s.m.m.a.RequestMappingHandlerMapping : Mapped "{[/user/message/{token}],methods=[GET]}" onto public com.quark.common.dto.QuarkResult com.quark.rest.controller.UserController.getUserAndMessageByToken(java.lang.String)
2025-07-04 08:55:49.725  INFO 8292 --- [           main] s.w.s.m.m.a.RequestMappingHandlerMapping : Mapped "{[/user/login],methods=[POST]}" onto public com.quark.common.dto.QuarkResult com.quark.rest.controller.UserController.Login(java.lang.String,java.lang.String)
2025-07-04 08:55:49.725  INFO 8292 --- [           main] s.w.s.m.m.a.RequestMappingHandlerMapping : Mapped "{[/user/password/{token}],methods=[PUT]}" onto public com.quark.common.dto.QuarkResult com.quark.rest.controller.UserController.updatePassword(java.lang.String,java.lang.String,java.lang.String)
2025-07-04 08:55:49.725  INFO 8292 --- [           main] s.w.s.m.m.a.RequestMappingHandlerMapping : Mapped "{[/user/detail/{userid}],methods=[GET]}" onto public com.quark.common.dto.QuarkResult com.quark.rest.controller.UserController.getUserById(java.lang.Integer,java.lang.String)
2025-07-04 08:55:49.725 DEBUG 8292 --- [           main] s.w.s.m.m.a.RequestMappingHandlerMapping : 0 request handler methods found on class com.quark.rest.controller.WebSocketController: {}
2025-07-04 08:55:49.726 DEBUG 8292 --- [           main] s.w.s.m.m.a.RequestMappingHandlerMapping : 1 request handler methods found on class springfox.documentation.swagger2.web.Swagger2Controller: {public org.springframework.http.ResponseEntity springfox.documentation.swagger2.web.Swagger2Controller.getDocumentation(java.lang.String)={[/v2/api-docs],methods=[GET]}}
2025-07-04 08:55:49.726  INFO 8292 --- [           main] s.w.s.m.m.a.RequestMappingHandlerMapping : Mapped "{[/v2/api-docs],methods=[GET]}" onto public org.springframework.http.ResponseEntity<springfox.documentation.spring.web.json.Json> springfox.documentation.swagger2.web.Swagger2Controller.getDocumentation(java.lang.String)
2025-07-04 08:55:49.727 DEBUG 8292 --- [           main] s.w.s.m.m.a.RequestMappingHandlerMapping : 3 request handler methods found on class springfox.documentation.swagger.web.ApiResourceController: {org.springframework.http.ResponseEntity springfox.documentation.swagger.web.ApiResourceController.securityConfiguration()={[/configuration/security]}, org.springframework.http.ResponseEntity springfox.documentation.swagger.web.ApiResourceController.uiConfiguration()={[/configuration/ui]}, org.springframework.http.ResponseEntity springfox.documentation.swagger.web.ApiResourceController.swaggerResources()={[/swagger-resources]}}
2025-07-04 08:55:49.727  INFO 8292 --- [           main] s.w.s.m.m.a.RequestMappingHandlerMapping : Mapped "{[/configuration/security]}" onto org.springframework.http.ResponseEntity<springfox.documentation.swagger.web.SecurityConfiguration> springfox.documentation.swagger.web.ApiResourceController.securityConfiguration()
2025-07-04 08:55:49.727  INFO 8292 --- [           main] s.w.s.m.m.a.RequestMappingHandlerMapping : Mapped "{[/configuration/ui]}" onto org.springframework.http.ResponseEntity<springfox.documentation.swagger.web.UiConfiguration> springfox.documentation.swagger.web.ApiResourceController.uiConfiguration()
2025-07-04 08:55:49.727  INFO 8292 --- [           main] s.w.s.m.m.a.RequestMappingHandlerMapping : Mapped "{[/swagger-resources]}" onto org.springframework.http.ResponseEntity<java.util.List<springfox.documentation.swagger.web.SwaggerResource>> springfox.documentation.swagger.web.ApiResourceController.swaggerResources()
2025-07-04 08:55:49.729 DEBUG 8292 --- [           main] s.w.s.m.m.a.RequestMappingHandlerMapping : 2 request handler methods found on class org.springframework.boot.autoconfigure.web.BasicErrorController: {public org.springframework.http.ResponseEntity org.springframework.boot.autoconfigure.web.BasicErrorController.error(javax.servlet.http.HttpServletRequest)={[/error]}, public org.springframework.web.servlet.ModelAndView org.springframework.boot.autoconfigure.web.BasicErrorController.errorHtml(javax.servlet.http.HttpServletRequest,javax.servlet.http.HttpServletResponse)={[/error],produces=[text/html]}}
2025-07-04 08:55:49.730  INFO 8292 --- [           main] s.w.s.m.m.a.RequestMappingHandlerMapping : Mapped "{[/error]}" onto public org.springframework.http.ResponseEntity<java.util.Map<java.lang.String, java.lang.Object>> org.springframework.boot.autoconfigure.web.BasicErrorController.error(javax.servlet.http.HttpServletRequest)
2025-07-04 08:55:49.730  INFO 8292 --- [           main] s.w.s.m.m.a.RequestMappingHandlerMapping : Mapped "{[/error],produces=[text/html]}" onto public org.springframework.web.servlet.ModelAndView org.springframework.boot.autoconfigure.web.BasicErrorController.errorHtml(javax.servlet.http.HttpServletRequest,javax.servlet.http.HttpServletResponse)
2025-07-04 08:55:49.830  INFO 8292 --- [           main] o.s.s.c.ThreadPoolTaskScheduler          : Initializing ExecutorService  'messageBrokerTaskScheduler'
2025-07-04 08:55:49.861  INFO 8292 --- [           main] o.s.w.s.s.s.WebSocketHandlerMapping      : Mapped URL path [/quarkServer/**] onto handler of type [class org.springframework.web.socket.sockjs.support.SockJsHttpRequestHandler]
2025-07-04 08:55:49.869  INFO 8292 --- [           main] o.s.s.concurrent.ThreadPoolTaskExecutor  : Initializing ExecutorService  'brokerChannelExecutor'
2025-07-04 08:55:49.882 DEBUG 8292 --- [           main] .WebSocketAnnotationMethodMessageHandler : Looking for @MessageExceptionHandler mappings: org.springframework.web.context.support.GenericWebApplicationContext@78f5c518: startup date [Fri Jul 04 08:55:45 CST 2025]; root of context hierarchy
2025-07-04 08:55:49.895 DEBUG 8292 --- [           main] .WebSocketAnnotationMethodMessageHandler : 0 message handler methods found on class com.quark.rest.controller.CollectController: {}
2025-07-04 08:55:49.895 DEBUG 8292 --- [           main] .WebSocketAnnotationMethodMessageHandler : 0 message handler methods found on class com.quark.rest.controller.FavoriteController: {}
2025-07-04 08:55:49.895 DEBUG 8292 --- [           main] .WebSocketAnnotationMethodMessageHandler : 0 message handler methods found on class com.quark.rest.controller.LabelController: {}
2025-07-04 08:55:49.895 DEBUG 8292 --- [           main] .WebSocketAnnotationMethodMessageHandler : 0 message handler methods found on class com.quark.rest.controller.NotificationController: {}
2025-07-04 08:55:49.895 DEBUG 8292 --- [           main] .WebSocketAnnotationMethodMessageHandler : 0 message handler methods found on class com.quark.rest.controller.PostsController: {}
2025-07-04 08:55:49.895 DEBUG 8292 --- [           main] .WebSocketAnnotationMethodMessageHandler : 0 message handler methods found on class com.quark.rest.controller.RankController: {}
2025-07-04 08:55:49.895 DEBUG 8292 --- [           main] .WebSocketAnnotationMethodMessageHandler : 0 message handler methods found on class com.quark.rest.controller.ReplyController: {}
2025-07-04 08:55:49.895 DEBUG 8292 --- [           main] .WebSocketAnnotationMethodMessageHandler : 0 message handler methods found on class com.quark.rest.controller.UploadController: {}
2025-07-04 08:55:49.896 DEBUG 8292 --- [           main] .WebSocketAnnotationMethodMessageHandler : 0 message handler methods found on class com.quark.rest.controller.UserController: {}
2025-07-04 08:55:49.896 DEBUG 8292 --- [           main] .WebSocketAnnotationMethodMessageHandler : 0 message handler methods found on class com.quark.rest.controller.WebSocketController: {}
2025-07-04 08:55:49.896 DEBUG 8292 --- [           main] .WebSocketAnnotationMethodMessageHandler : 0 message handler methods found on class springfox.documentation.swagger2.web.Swagger2Controller: {}
2025-07-04 08:55:49.896 DEBUG 8292 --- [           main] .WebSocketAnnotationMethodMessageHandler : 0 message handler methods found on class springfox.documentation.swagger.web.ApiResourceController: {}
2025-07-04 08:55:49.896 DEBUG 8292 --- [           main] .WebSocketAnnotationMethodMessageHandler : 0 message handler methods found on class org.springframework.boot.autoconfigure.web.BasicErrorController: {}
2025-07-04 08:55:50.182  INFO 8292 --- [           main] s.w.s.m.m.a.RequestMappingHandlerAdapter : Looking for @ControllerAdvice: org.springframework.web.context.support.GenericWebApplicationContext@78f5c518: startup date [Fri Jul 04 08:55:45 CST 2025]; root of context hierarchy
2025-07-04 08:55:50.213  INFO 8292 --- [           main] o.s.w.s.handler.SimpleUrlHandlerMapping  : Root mapping to handler of type [class org.springframework.web.servlet.mvc.ParameterizableViewController]
2025-07-04 08:55:50.217 DEBUG 8292 --- [           main] o.s.w.s.h.BeanNameUrlHandlerMapping      : Looking for URL mappings in application context: org.springframework.web.context.support.GenericWebApplicationContext@78f5c518: startup date [Fri Jul 04 08:55:45 CST 2025]; root of context hierarchy
2025-07-04 08:55:50.217 DEBUG 8292 --- [           main] o.s.w.s.h.BeanNameUrlHandlerMapping      : Rejected bean name 'org.springframework.boot.test.mock.mockito.MockitoPostProcessor$SpyPostProcessor': no URL paths identified
2025-07-04 08:55:50.217 DEBUG 8292 --- [           main] o.s.w.s.h.BeanNameUrlHandlerMapping      : Rejected bean name 'org.springframework.boot.test.mock.mockito.MockitoPostProcessor': no URL paths identified
2025-07-04 08:55:50.217 DEBUG 8292 --- [           main] o.s.w.s.h.BeanNameUrlHandlerMapping      : Rejected bean name 'org.springframework.context.annotation.internalConfigurationAnnotationProcessor': no URL paths identified
2025-07-04 08:55:50.217 DEBUG 8292 --- [           main] o.s.w.s.h.BeanNameUrlHandlerMapping      : Rejected bean name 'org.springframework.context.annotation.internalAutowiredAnnotationProcessor': no URL paths identified
2025-07-04 08:55:50.217 DEBUG 8292 --- [           main] o.s.w.s.h.BeanNameUrlHandlerMapping      : Rejected bean name 'org.springframework.context.annotation.internalRequiredAnnotationProcessor': no URL paths identified
2025-07-04 08:55:50.217 DEBUG 8292 --- [           main] o.s.w.s.h.BeanNameUrlHandlerMapping      : Rejected bean name 'org.springframework.context.annotation.internalCommonAnnotationProcessor': no URL paths identified
2025-07-04 08:55:50.217 DEBUG 8292 --- [           main] o.s.w.s.h.BeanNameUrlHandlerMapping      : Rejected bean name 'org.springframework.context.annotation.internalPersistenceAnnotationProcessor': no URL paths identified
2025-07-04 08:55:50.217 DEBUG 8292 --- [           main] o.s.w.s.h.BeanNameUrlHandlerMapping      : Rejected bean name 'org.springframework.context.event.internalEventListenerProcessor': no URL paths identified
2025-07-04 08:55:50.217 DEBUG 8292 --- [           main] o.s.w.s.h.BeanNameUrlHandlerMapping      : Rejected bean name 'org.springframework.context.event.internalEventListenerFactory': no URL paths identified
2025-07-04 08:55:50.217 DEBUG 8292 --- [           main] o.s.w.s.h.BeanNameUrlHandlerMapping      : Rejected bean name 'restApplication': no URL paths identified
2025-07-04 08:55:50.218 DEBUG 8292 --- [           main] o.s.w.s.h.BeanNameUrlHandlerMapping      : Rejected bean name 'org.springframework.boot.autoconfigure.internalCachingMetadataReaderFactory': no URL paths identified
2025-07-04 08:55:50.218 DEBUG 8292 --- [           main] o.s.w.s.h.BeanNameUrlHandlerMapping      : Rejected bean name 'corsConfig': no URL paths identified
2025-07-04 08:55:50.218 DEBUG 8292 --- [           main] o.s.w.s.h.BeanNameUrlHandlerMapping      : Rejected bean name 'corsFilter': no URL paths identified
2025-07-04 08:55:50.218 DEBUG 8292 --- [           main] o.s.w.s.h.BeanNameUrlHandlerMapping      : Rejected bean name 'myAdapter': no URL paths identified
2025-07-04 08:55:50.218 DEBUG 8292 --- [           main] o.s.w.s.h.BeanNameUrlHandlerMapping      : Rejected bean name 'propertiesConfig': no URL paths identified
2025-07-04 08:55:50.218 DEBUG 8292 --- [           main] o.s.w.s.h.BeanNameUrlHandlerMapping      : Rejected bean name 'redisConfig': no URL paths identified
2025-07-04 08:55:50.218 DEBUG 8292 --- [           main] o.s.w.s.h.BeanNameUrlHandlerMapping      : Rejected bean name 'restConfig': no URL paths identified
2025-07-04 08:55:50.218 DEBUG 8292 --- [           main] o.s.w.s.h.BeanNameUrlHandlerMapping      : Rejected bean name 'webSocketConfig': no URL paths identified
2025-07-04 08:55:50.218 DEBUG 8292 --- [           main] o.s.w.s.h.BeanNameUrlHandlerMapping      : Rejected bean name 'collectController': no URL paths identified
2025-07-04 08:55:50.218 DEBUG 8292 --- [           main] o.s.w.s.h.BeanNameUrlHandlerMapping      : Rejected bean name 'favoriteController': no URL paths identified
2025-07-04 08:55:50.218 DEBUG 8292 --- [           main] o.s.w.s.h.BeanNameUrlHandlerMapping      : Rejected bean name 'labelController': no URL paths identified
2025-07-04 08:55:50.218 DEBUG 8292 --- [           main] o.s.w.s.h.BeanNameUrlHandlerMapping      : Rejected bean name 'notificationController': no URL paths identified
2025-07-04 08:55:50.218 DEBUG 8292 --- [           main] o.s.w.s.h.BeanNameUrlHandlerMapping      : Rejected bean name 'postsController': no URL paths identified
2025-07-04 08:55:50.218 DEBUG 8292 --- [           main] o.s.w.s.h.BeanNameUrlHandlerMapping      : Rejected bean name 'rankController': no URL paths identified
2025-07-04 08:55:50.218 DEBUG 8292 --- [           main] o.s.w.s.h.BeanNameUrlHandlerMapping      : Rejected bean name 'replyController': no URL paths identified
2025-07-04 08:55:50.218 DEBUG 8292 --- [           main] o.s.w.s.h.BeanNameUrlHandlerMapping      : Rejected bean name 'uploadController': no URL paths identified
2025-07-04 08:55:50.218 DEBUG 8292 --- [           main] o.s.w.s.h.BeanNameUrlHandlerMapping      : Rejected bean name 'userController': no URL paths identified
2025-07-04 08:55:50.218 DEBUG 8292 --- [           main] o.s.w.s.h.BeanNameUrlHandlerMapping      : Rejected bean name 'webSocketController': no URL paths identified
2025-07-04 08:55:50.218 DEBUG 8292 --- [           main] o.s.w.s.h.BeanNameUrlHandlerMapping      : Rejected bean name 'collectServiceImpl': no URL paths identified
2025-07-04 08:55:50.218 DEBUG 8292 --- [           main] o.s.w.s.h.BeanNameUrlHandlerMapping      : Rejected bean name 'favoriteServiceImpl': no URL paths identified
2025-07-04 08:55:50.218 DEBUG 8292 --- [           main] o.s.w.s.h.BeanNameUrlHandlerMapping      : Rejected bean name 'labelServiceImpl': no URL paths identified
2025-07-04 08:55:50.218 DEBUG 8292 --- [           main] o.s.w.s.h.BeanNameUrlHandlerMapping      : Rejected bean name 'notificationServiceImpl': no URL paths identified
2025-07-04 08:55:50.218 DEBUG 8292 --- [           main] o.s.w.s.h.BeanNameUrlHandlerMapping      : Rejected bean name 'postsServiceImpl': no URL paths identified
2025-07-04 08:55:50.218 DEBUG 8292 --- [           main] o.s.w.s.h.BeanNameUrlHandlerMapping      : Rejected bean name 'rankServiceImpl': no URL paths identified
2025-07-04 08:55:50.218 DEBUG 8292 --- [           main] o.s.w.s.h.BeanNameUrlHandlerMapping      : Rejected bean name 'replyServiceImpl': no URL paths identified
2025-07-04 08:55:50.218 DEBUG 8292 --- [           main] o.s.w.s.h.BeanNameUrlHandlerMapping      : Rejected bean name 'userServiceImpl': no URL paths identified
2025-07-04 08:55:50.218 DEBUG 8292 --- [           main] o.s.w.s.h.BeanNameUrlHandlerMapping      : Rejected bean name 'redisService': no URL paths identified
2025-07-04 08:55:50.218 DEBUG 8292 --- [           main] o.s.w.s.h.BeanNameUrlHandlerMapping      : Rejected bean name 'webSocketService': no URL paths identified
2025-07-04 08:55:50.218 DEBUG 8292 --- [           main] o.s.w.s.h.BeanNameUrlHandlerMapping      : Rejected bean name 'swagger2Configuration': no URL paths identified
2025-07-04 08:55:50.218 DEBUG 8292 --- [           main] o.s.w.s.h.BeanNameUrlHandlerMapping      : Rejected bean name 'commonApplication': no URL paths identified
2025-07-04 08:55:50.218 DEBUG 8292 --- [           main] o.s.w.s.h.BeanNameUrlHandlerMapping      : Rejected bean name 'swagger2ParameterNameReader': no URL paths identified
2025-07-04 08:55:50.218 DEBUG 8292 --- [           main] o.s.w.s.h.BeanNameUrlHandlerMapping      : Rejected bean name 'swagger2Controller': no URL paths identified
2025-07-04 08:55:50.218 DEBUG 8292 --- [           main] o.s.w.s.h.BeanNameUrlHandlerMapping      : Rejected bean name 'licenseMapperImpl': no URL paths identified
2025-07-04 08:55:50.218 DEBUG 8292 --- [           main] o.s.w.s.h.BeanNameUrlHandlerMapping      : Rejected bean name 'modelMapperImpl': no URL paths identified
2025-07-04 08:55:50.218 DEBUG 8292 --- [           main] o.s.w.s.h.BeanNameUrlHandlerMapping      : Rejected bean name 'parameterMapperImpl': no URL paths identified
2025-07-04 08:55:50.218 DEBUG 8292 --- [           main] o.s.w.s.h.BeanNameUrlHandlerMapping      : Rejected bean name 'securityMapperImpl': no URL paths identified
2025-07-04 08:55:50.218 DEBUG 8292 --- [           main] o.s.w.s.h.BeanNameUrlHandlerMapping      : Rejected bean name 'serviceModelToSwagger2MapperImpl': no URL paths identified
2025-07-04 08:55:50.218 DEBUG 8292 --- [           main] o.s.w.s.h.BeanNameUrlHandlerMapping      : Rejected bean name 'vendorExtensionsMapperImpl': no URL paths identified
2025-07-04 08:55:50.218 DEBUG 8292 --- [           main] o.s.w.s.h.BeanNameUrlHandlerMapping      : Rejected bean name 'apiDescriptionLookup': no URL paths identified
2025-07-04 08:55:50.218 DEBUG 8292 --- [           main] o.s.w.s.h.BeanNameUrlHandlerMapping      : Rejected bean name 'apiDescriptionReader': no URL paths identified
2025-07-04 08:55:50.218 DEBUG 8292 --- [           main] o.s.w.s.h.BeanNameUrlHandlerMapping      : Rejected bean name 'apiDocumentationScanner': no URL paths identified
2025-07-04 08:55:50.218 DEBUG 8292 --- [           main] o.s.w.s.h.BeanNameUrlHandlerMapping      : Rejected bean name 'apiListingReferenceScanner': no URL paths identified
2025-07-04 08:55:50.218 DEBUG 8292 --- [           main] o.s.w.s.h.BeanNameUrlHandlerMapping      : Rejected bean name 'apiListingScanner': no URL paths identified
2025-07-04 08:55:50.218 DEBUG 8292 --- [           main] o.s.w.s.h.BeanNameUrlHandlerMapping      : Rejected bean name 'apiModelReader': no URL paths identified
2025-07-04 08:55:50.218 DEBUG 8292 --- [           main] o.s.w.s.h.BeanNameUrlHandlerMapping      : Rejected bean name 'mediaTypeReader': no URL paths identified
2025-07-04 08:55:50.218 DEBUG 8292 --- [           main] o.s.w.s.h.BeanNameUrlHandlerMapping      : Rejected bean name 'apiOperationReader': no URL paths identified
2025-07-04 08:55:50.218 DEBUG 8292 --- [           main] o.s.w.s.h.BeanNameUrlHandlerMapping      : Rejected bean name 'cachingOperationNameGenerator': no URL paths identified
2025-07-04 08:55:50.218 DEBUG 8292 --- [           main] o.s.w.s.h.BeanNameUrlHandlerMapping      : Rejected bean name 'defaultOperationReader': no URL paths identified
2025-07-04 08:55:50.218 DEBUG 8292 --- [           main] o.s.w.s.h.BeanNameUrlHandlerMapping      : Rejected bean name 'defaultTagsProvider': no URL paths identified
2025-07-04 08:55:50.218 DEBUG 8292 --- [           main] o.s.w.s.h.BeanNameUrlHandlerMapping      : Rejected bean name 'operationDeprecatedReader': no URL paths identified
2025-07-04 08:55:50.218 DEBUG 8292 --- [           main] o.s.w.s.h.BeanNameUrlHandlerMapping      : Rejected bean name 'operationModelsProvider': no URL paths identified
2025-07-04 08:55:50.218 DEBUG 8292 --- [           main] o.s.w.s.h.BeanNameUrlHandlerMapping      : Rejected bean name 'operationParameterReader': no URL paths identified
2025-07-04 08:55:50.218 DEBUG 8292 --- [           main] o.s.w.s.h.BeanNameUrlHandlerMapping      : Rejected bean name 'operationParameterRequestConditionReader': no URL paths identified
2025-07-04 08:55:50.218 DEBUG 8292 --- [           main] o.s.w.s.h.BeanNameUrlHandlerMapping      : Rejected bean name 'operationResponseClassReader': no URL paths identified
2025-07-04 08:55:50.218 DEBUG 8292 --- [           main] o.s.w.s.h.BeanNameUrlHandlerMapping      : Rejected bean name 'operationTagsReader': no URL paths identified
2025-07-04 08:55:50.218 DEBUG 8292 --- [           main] o.s.w.s.h.BeanNameUrlHandlerMapping      : Rejected bean name 'responseMessagesReader': no URL paths identified
2025-07-04 08:55:50.218 DEBUG 8292 --- [           main] o.s.w.s.h.BeanNameUrlHandlerMapping      : Rejected bean name 'expandedParameterBuilder': no URL paths identified
2025-07-04 08:55:50.218 DEBUG 8292 --- [           main] o.s.w.s.h.BeanNameUrlHandlerMapping      : Rejected bean name 'modelAttributeParameterExpander': no URL paths identified
2025-07-04 08:55:50.218 DEBUG 8292 --- [           main] o.s.w.s.h.BeanNameUrlHandlerMapping      : Rejected bean name 'parameterDataTypeReader': no URL paths identified
2025-07-04 08:55:50.218 DEBUG 8292 --- [           main] o.s.w.s.h.BeanNameUrlHandlerMapping      : Rejected bean name 'parameterDefaultReader': no URL paths identified
2025-07-04 08:55:50.218 DEBUG 8292 --- [           main] o.s.w.s.h.BeanNameUrlHandlerMapping      : Rejected bean name 'parameterMultiplesReader': no URL paths identified
2025-07-04 08:55:50.218 DEBUG 8292 --- [           main] o.s.w.s.h.BeanNameUrlHandlerMapping      : Rejected bean name 'parameterNameReader': no URL paths identified
2025-07-04 08:55:50.218 DEBUG 8292 --- [           main] o.s.w.s.h.BeanNameUrlHandlerMapping      : Rejected bean name 'parameterRequiredReader': no URL paths identified
2025-07-04 08:55:50.218 DEBUG 8292 --- [           main] o.s.w.s.h.BeanNameUrlHandlerMapping      : Rejected bean name 'parameterTypeReader': no URL paths identified
2025-07-04 08:55:50.218 DEBUG 8292 --- [           main] o.s.w.s.h.BeanNameUrlHandlerMapping      : Rejected bean name 'documentationPluginsBootstrapper': no URL paths identified
2025-07-04 08:55:50.218 DEBUG 8292 --- [           main] o.s.w.s.h.BeanNameUrlHandlerMapping      : Rejected bean name 'documentationPluginsManager': no URL paths identified
2025-07-04 08:55:50.218 DEBUG 8292 --- [           main] o.s.w.s.h.BeanNameUrlHandlerMapping      : Rejected bean name 'webMvcRequestHandlerProvider': no URL paths identified
2025-07-04 08:55:50.218 DEBUG 8292 --- [           main] o.s.w.s.h.BeanNameUrlHandlerMapping      : Rejected bean name 'operationPathDecorator': no URL paths identified
2025-07-04 08:55:50.218 DEBUG 8292 --- [           main] o.s.w.s.h.BeanNameUrlHandlerMapping      : Rejected bean name 'pathMappingDecorator': no URL paths identified
2025-07-04 08:55:50.218 DEBUG 8292 --- [           main] o.s.w.s.h.BeanNameUrlHandlerMapping      : Rejected bean name 'pathSanitizer': no URL paths identified
2025-07-04 08:55:50.218 DEBUG 8292 --- [           main] o.s.w.s.h.BeanNameUrlHandlerMapping      : Rejected bean name 'queryStringUriTemplateDecorator': no URL paths identified
2025-07-04 08:55:50.218 DEBUG 8292 --- [           main] o.s.w.s.h.BeanNameUrlHandlerMapping      : Rejected bean name 'cachingAspect': no URL paths identified
2025-07-04 08:55:50.218 DEBUG 8292 --- [           main] o.s.w.s.h.BeanNameUrlHandlerMapping      : Rejected bean name 'defaultModelProvider': no URL paths identified
2025-07-04 08:55:50.218 DEBUG 8292 --- [           main] o.s.w.s.h.BeanNameUrlHandlerMapping      : Rejected bean name 'modelDependencyProvider': no URL paths identified
2025-07-04 08:55:50.218 DEBUG 8292 --- [           main] o.s.w.s.h.BeanNameUrlHandlerMapping      : Rejected bean name 'typeNameExtractor': no URL paths identified
2025-07-04 08:55:50.218 DEBUG 8292 --- [           main] o.s.w.s.h.BeanNameUrlHandlerMapping      : Rejected bean name 'schemaPluginsManager': no URL paths identified
2025-07-04 08:55:50.218 DEBUG 8292 --- [           main] o.s.w.s.h.BeanNameUrlHandlerMapping      : Rejected bean name 'factoryMethodProvider': no URL paths identified
2025-07-04 08:55:50.218 DEBUG 8292 --- [           main] o.s.w.s.h.BeanNameUrlHandlerMapping      : Rejected bean name 'objectMapperBeanPropertyNamingStrategy': no URL paths identified
2025-07-04 08:55:50.219 DEBUG 8292 --- [           main] o.s.w.s.h.BeanNameUrlHandlerMapping      : Rejected bean name 'optimized': no URL paths identified
2025-07-04 08:55:50.219 DEBUG 8292 --- [           main] o.s.w.s.h.BeanNameUrlHandlerMapping      : Rejected bean name 'accessorsProvider': no URL paths identified
2025-07-04 08:55:50.219 DEBUG 8292 --- [           main] o.s.w.s.h.BeanNameUrlHandlerMapping      : Rejected bean name 'fieldProvider': no URL paths identified
2025-07-04 08:55:50.219 DEBUG 8292 --- [           main] o.s.w.s.h.BeanNameUrlHandlerMapping      : Rejected bean name 'apiModelBuilder': no URL paths identified
2025-07-04 08:55:50.219 DEBUG 8292 --- [           main] o.s.w.s.h.BeanNameUrlHandlerMapping      : Rejected bean name 'apiModelPropertyPropertyBuilder': no URL paths identified
2025-07-04 08:55:50.219 DEBUG 8292 --- [           main] o.s.w.s.h.BeanNameUrlHandlerMapping      : Rejected bean name 'apiModelTypeNameProvider': no URL paths identified
2025-07-04 08:55:50.219 DEBUG 8292 --- [           main] o.s.w.s.h.BeanNameUrlHandlerMapping      : Rejected bean name 'operationAuthReader': no URL paths identified
2025-07-04 08:55:50.219 DEBUG 8292 --- [           main] o.s.w.s.h.BeanNameUrlHandlerMapping      : Rejected bean name 'operationHiddenReader': no URL paths identified
2025-07-04 08:55:50.219 DEBUG 8292 --- [           main] o.s.w.s.h.BeanNameUrlHandlerMapping      : Rejected bean name 'operationHttpMethodReader': no URL paths identified
2025-07-04 08:55:50.219 DEBUG 8292 --- [           main] o.s.w.s.h.BeanNameUrlHandlerMapping      : Rejected bean name 'operationImplicitParameterReader': no URL paths identified
2025-07-04 08:55:50.219 DEBUG 8292 --- [           main] o.s.w.s.h.BeanNameUrlHandlerMapping      : Rejected bean name 'operationImplicitParametersReader': no URL paths identified
2025-07-04 08:55:50.219 DEBUG 8292 --- [           main] o.s.w.s.h.BeanNameUrlHandlerMapping      : Rejected bean name 'operationNicknameIntoUniqueIdReader': no URL paths identified
2025-07-04 08:55:50.219 DEBUG 8292 --- [           main] o.s.w.s.h.BeanNameUrlHandlerMapping      : Rejected bean name 'operationNotesReader': no URL paths identified
2025-07-04 08:55:50.219 DEBUG 8292 --- [           main] o.s.w.s.h.BeanNameUrlHandlerMapping      : Rejected bean name 'operationPositionReader': no URL paths identified
2025-07-04 08:55:50.219 DEBUG 8292 --- [           main] o.s.w.s.h.BeanNameUrlHandlerMapping      : Rejected bean name 'operationSummaryReader': no URL paths identified
2025-07-04 08:55:50.219 DEBUG 8292 --- [           main] o.s.w.s.h.BeanNameUrlHandlerMapping      : Rejected bean name 'swaggerMediaTypeReader': no URL paths identified
2025-07-04 08:55:50.219 DEBUG 8292 --- [           main] o.s.w.s.h.BeanNameUrlHandlerMapping      : Rejected bean name 'swaggerOperationModelsProvider': no URL paths identified
2025-07-04 08:55:50.219 DEBUG 8292 --- [           main] o.s.w.s.h.BeanNameUrlHandlerMapping      : Rejected bean name 'swaggerOperationResponseClassReader': no URL paths identified
2025-07-04 08:55:50.219 DEBUG 8292 --- [           main] o.s.w.s.h.BeanNameUrlHandlerMapping      : Rejected bean name 'swaggerOperationTagsReader': no URL paths identified
2025-07-04 08:55:50.219 DEBUG 8292 --- [           main] o.s.w.s.h.BeanNameUrlHandlerMapping      : Rejected bean name 'swaggerResponseMessageReader': no URL paths identified
2025-07-04 08:55:50.219 DEBUG 8292 --- [           main] o.s.w.s.h.BeanNameUrlHandlerMapping      : Rejected bean name 'vendorExtensionsReader': no URL paths identified
2025-07-04 08:55:50.219 DEBUG 8292 --- [           main] o.s.w.s.h.BeanNameUrlHandlerMapping      : Rejected bean name 'swaggerParameterAccessReader': no URL paths identified
2025-07-04 08:55:50.219 DEBUG 8292 --- [           main] o.s.w.s.h.BeanNameUrlHandlerMapping      : Rejected bean name 'swaggerParameterAllowableReader': no URL paths identified
2025-07-04 08:55:50.219 DEBUG 8292 --- [           main] o.s.w.s.h.BeanNameUrlHandlerMapping      : Rejected bean name 'swaggerParameterDefaultReader': no URL paths identified
2025-07-04 08:55:50.219 DEBUG 8292 --- [           main] o.s.w.s.h.BeanNameUrlHandlerMapping      : Rejected bean name 'swaggerParameterDescriptionReader': no URL paths identified
2025-07-04 08:55:50.219 DEBUG 8292 --- [           main] o.s.w.s.h.BeanNameUrlHandlerMapping      : Rejected bean name 'swaggerParameterMultiplesReader': no URL paths identified
2025-07-04 08:55:50.219 DEBUG 8292 --- [           main] o.s.w.s.h.BeanNameUrlHandlerMapping      : Rejected bean name 'swaggerParameterRequiredReader': no URL paths identified
2025-07-04 08:55:50.219 DEBUG 8292 --- [           main] o.s.w.s.h.BeanNameUrlHandlerMapping      : Rejected bean name 'swaggerExpandedParameterBuilder': no URL paths identified
2025-07-04 08:55:50.219 DEBUG 8292 --- [           main] o.s.w.s.h.BeanNameUrlHandlerMapping      : Rejected bean name 'apiListingTagReader': no URL paths identified
2025-07-04 08:55:50.219 DEBUG 8292 --- [           main] o.s.w.s.h.BeanNameUrlHandlerMapping      : Rejected bean name 'apiResourceController': no URL paths identified
2025-07-04 08:55:50.219 DEBUG 8292 --- [           main] o.s.w.s.h.BeanNameUrlHandlerMapping      : Rejected bean name 'classOrApiAnnotationResourceGrouping': no URL paths identified
2025-07-04 08:55:50.219 DEBUG 8292 --- [           main] o.s.w.s.h.BeanNameUrlHandlerMapping      : Rejected bean name 'propertySourcesPlaceholderConfigurer': no URL paths identified
2025-07-04 08:55:50.219 DEBUG 8292 --- [           main] o.s.w.s.h.BeanNameUrlHandlerMapping      : Rejected bean name 'org.springframework.cache.annotation.ProxyCachingConfiguration': no URL paths identified
2025-07-04 08:55:50.219 DEBUG 8292 --- [           main] o.s.w.s.h.BeanNameUrlHandlerMapping      : Rejected bean name 'org.springframework.cache.config.internalCacheAdvisor': no URL paths identified
2025-07-04 08:55:50.219 DEBUG 8292 --- [           main] o.s.w.s.h.BeanNameUrlHandlerMapping      : Rejected bean name 'cacheOperationSource': no URL paths identified
2025-07-04 08:55:50.219 DEBUG 8292 --- [           main] o.s.w.s.h.BeanNameUrlHandlerMapping      : Rejected bean name 'cacheInterceptor': no URL paths identified
2025-07-04 08:55:50.219 DEBUG 8292 --- [           main] o.s.w.s.h.BeanNameUrlHandlerMapping      : Rejected bean name 'keyGenerator': no URL paths identified
2025-07-04 08:55:50.219 DEBUG 8292 --- [           main] o.s.w.s.h.BeanNameUrlHandlerMapping      : Rejected bean name 'cacheManager': no URL paths identified
[...]
2025-07-04 08:55:50.650  INFO 8292 --- [           main] s.w.ClassOrApiAnnotationResourceGrouping : Group for method iconUpload was 文件上传接口
2025-07-04 08:55:50.650  INFO 8292 --- [           main] s.d.schema.ModelContextKeyGenerator      : Cache Key Generated: com.quark.common.dto.UploadResult(true)
2025-07-04 08:55:50.651  INFO 8292 --- [           main] s.d.spring.web.caching.CachingAspect     : Caching aspect applied for cache models with key com.quark.common.dto.UploadResult(true)
2025-07-04 08:55:50.651  INFO 8292 --- [           main] s.d.schema.ModelContextKeyGenerator      : Cache Key Generated: com.quark.common.dto.UploadResult(true)
2025-07-04 08:55:50.651  INFO 8292 --- [           main] s.d.spring.web.caching.CachingAspect     : Caching aspect applied for cache modelDependencies with key com.quark.common.dto.UploadResult(true)
2025-07-04 08:55:50.651  INFO 8292 --- [           main] s.d.s.p.ModelPropertiesKeyGenerator      : Cache key generated: com.quark.common.dto.UploadResult$Data(true)
2025-07-04 08:55:50.651  INFO 8292 --- [           main] s.d.spring.web.caching.CachingAspect     : Caching aspect applied for cache modelProperties with key com.quark.common.dto.UploadResult$Data(true)
2025-07-04 08:55:50.651  INFO 8292 --- [           main] s.d.spring.web.OperationsKeyGenerator    : Cache key generated: /upload/image.com.quark.rest.controller.UploadController.upload.DefaultGenericTypeNamingStrategy
2025-07-04 08:55:50.651  INFO 8292 --- [           main] s.d.spring.web.caching.CachingAspect     : Caching aspect applied for cache operations with key /upload/image.com.quark.rest.controller.UploadController.upload.DefaultGenericTypeNamingStrategy
2025-07-04 08:55:50.652  INFO 8292 --- [           main] s.w.ClassOrApiAnnotationResourceGrouping : Group for method upload was 文件上传接口
2025-07-04 08:55:50.655  INFO 8292 --- [           main] s.w.ClassOrApiAnnotationResourceGrouping : Group for method upload was 文件上传接口
2025-07-04 08:55:50.656  INFO 8292 --- [           main] s.d.schema.ModelContextKeyGenerator      : Cache Key Generated: com.quark.common.dto.QuarkResult(true)
2025-07-04 08:55:50.656  INFO 8292 --- [           main] s.d.spring.web.caching.CachingAspect     : Caching aspect applied for cache models with key com.quark.common.dto.QuarkResult(true)
2025-07-04 08:55:50.656  INFO 8292 --- [           main] s.d.schema.ModelContextKeyGenerator      : Cache Key Generated: com.quark.common.dto.QuarkResult(true)
2025-07-04 08:55:50.656  INFO 8292 --- [           main] s.d.spring.web.caching.CachingAspect     : Caching aspect applied for cache modelDependencies with key com.quark.common.dto.QuarkResult(true)
2025-07-04 08:55:50.656  INFO 8292 --- [           main] s.d.spring.web.OperationsKeyGenerator    : Cache key generated: /label.com.quark.rest.controller.LabelController.getAllLabel.DefaultGenericTypeNamingStrategy
2025-07-04 08:55:50.656  INFO 8292 --- [           main] s.d.spring.web.caching.CachingAspect     : Caching aspect applied for cache operations with key /label.com.quark.rest.controller.LabelController.getAllLabel.DefaultGenericTypeNamingStrategy
2025-07-04 08:55:50.657  INFO 8292 --- [           main] s.w.ClassOrApiAnnotationResourceGrouping : Group for method getAllLabel was 标签接口
2025-07-04 08:55:50.657  INFO 8292 --- [           main] s.w.ClassOrApiAnnotationResourceGrouping : Group for method getAllLabel was 标签接口
2025-07-04 08:55:50.659  INFO 8292 --- [           main] s.d.schema.ModelContextKeyGenerator      : Cache Key Generated: com.quark.common.dto.QuarkResult(true)
2025-07-04 08:55:50.659  INFO 8292 --- [           main] s.d.spring.web.caching.CachingAspect     : Caching aspect applied for cache models with key com.quark.common.dto.QuarkResult(true)
2025-07-04 08:55:50.659  INFO 8292 --- [           main] s.d.schema.ModelContextKeyGenerator      : Cache Key Generated: com.quark.common.dto.QuarkResult(true)
2025-07-04 08:55:50.659  INFO 8292 --- [           main] s.d.spring.web.caching.CachingAspect     : Caching aspect applied for cache modelDependencies with key com.quark.common.dto.QuarkResult(true)
2025-07-04 08:55:50.659  INFO 8292 --- [           main] s.d.spring.web.OperationsKeyGenerator    : Cache key generated: /user/login.com.quark.rest.controller.UserController.Login.DefaultGenericTypeNamingStrategy
2025-07-04 08:55:50.659  INFO 8292 --- [           main] s.d.spring.web.caching.CachingAspect     : Caching aspect applied for cache operations with key /user/login.com.quark.rest.controller.UserController.Login.DefaultGenericTypeNamingStrategy
2025-07-04 08:55:50.661  INFO 8292 --- [           main] s.w.ClassOrApiAnnotationResourceGrouping : Group for method Login was 用户接口
2025-07-04 08:55:50.661  INFO 8292 --- [           main] s.w.ClassOrApiAnnotationResourceGrouping : Group for method Login was 用户接口
2025-07-04 08:55:50.662  INFO 8292 --- [           main] s.d.schema.ModelContextKeyGenerator      : Cache Key Generated: com.quark.common.dto.QuarkResult(true)
2025-07-04 08:55:50.662  INFO 8292 --- [           main] s.d.spring.web.caching.CachingAspect     : Caching aspect applied for cache models with key com.quark.common.dto.QuarkResult(true)
2025-07-04 08:55:50.662  INFO 8292 --- [           main] s.d.schema.ModelContextKeyGenerator      : Cache Key Generated: com.quark.common.dto.QuarkResult(true)
2025-07-04 08:55:50.662  INFO 8292 --- [           main] s.d.spring.web.caching.CachingAspect     : Caching aspect applied for cache modelDependencies with key com.quark.common.dto.QuarkResult(true)
2025-07-04 08:55:50.662  INFO 8292 --- [           main] s.d.spring.web.OperationsKeyGenerator    : Cache key generated: /user.com.quark.rest.controller.UserController.checkUserName.DefaultGenericTypeNamingStrategy
2025-07-04 08:55:50.662  INFO 8292 --- [           main] s.d.spring.web.caching.CachingAspect     : Caching aspect applied for cache operations with key /user.com.quark.rest.controller.UserController.checkUserName.DefaultGenericTypeNamingStrategy
2025-07-04 08:55:50.664  INFO 8292 --- [           main] s.w.ClassOrApiAnnotationResourceGrouping : Group for method checkUserName was 用户接口
2025-07-04 08:55:50.665  INFO 8292 --- [           main] s.w.ClassOrApiAnnotationResourceGrouping : Group for method checkUserName was 用户接口
2025-07-04 08:55:50.665  INFO 8292 --- [           main] s.d.schema.ModelContextKeyGenerator      : Cache Key Generated: com.quark.common.dto.QuarkResult(true)
2025-07-04 08:55:50.665  INFO 8292 --- [           main] s.d.spring.web.caching.CachingAspect     : Caching aspect applied for cache models with key com.quark.common.dto.QuarkResult(true)
2025-07-04 08:55:50.665  INFO 8292 --- [           main] s.d.schema.ModelContextKeyGenerator      : Cache Key Generated: com.quark.common.dto.QuarkResult(true)
2025-07-04 08:55:50.665  INFO 8292 --- [           main] s.d.spring.web.caching.CachingAspect     : Caching aspect applied for cache modelDependencies with key com.quark.common.dto.QuarkResult(true)
2025-07-04 08:55:50.665  INFO 8292 --- [           main] s.d.spring.web.OperationsKeyGenerator    : Cache key generated: /user/message/{token}.com.quark.rest.controller.UserController.getUserAndMessageByToken.DefaultGenericTypeNamingStrategy
2025-07-04 08:55:50.666  INFO 8292 --- [           main] s.d.spring.web.caching.CachingAspect     : Caching aspect applied for cache operations with key /user/message/{token}.com.quark.rest.controller.UserController.getUserAndMessageByToken.DefaultGenericTypeNamingStrategy
2025-07-04 08:55:50.667  INFO 8292 --- [           main] s.w.ClassOrApiAnnotationResourceGrouping : Group for method getUserAndMessageByToken was 用户接口
2025-07-04 08:55:50.667  INFO 8292 --- [           main] s.w.ClassOrApiAnnotationResourceGrouping : Group for method getUserAndMessageByToken was 用户接口
2025-07-04 08:55:50.667  INFO 8292 --- [           main] s.d.schema.ModelContextKeyGenerator      : Cache Key Generated: com.quark.common.dto.QuarkResult(true)
2025-07-04 08:55:50.667  INFO 8292 --- [           main] s.d.spring.web.caching.CachingAspect     : Caching aspect applied for cache models with key com.quark.common.dto.QuarkResult(true)
2025-07-04 08:55:50.667  INFO 8292 --- [           main] s.d.schema.ModelContextKeyGenerator      : Cache Key Generated: com.quark.common.dto.QuarkResult(true)
2025-07-04 08:55:50.667  INFO 8292 --- [           main] s.d.spring.web.caching.CachingAspect     : Caching aspect applied for cache modelDependencies with key com.quark.common.dto.QuarkResult(true)
2025-07-04 08:55:50.668  INFO 8292 --- [           main] s.d.spring.web.OperationsKeyGenerator    : Cache key generated: /user/detail/{userid}.com.quark.rest.controller.UserController.getUserById.DefaultGenericTypeNamingStrategy
2025-07-04 08:55:50.668  INFO 8292 --- [           main] s.d.spring.web.caching.CachingAspect     : Caching aspect applied for cache operations with key /user/detail/{userid}.com.quark.rest.controller.UserController.getUserById.DefaultGenericTypeNamingStrategy
2025-07-04 08:55:50.669  INFO 8292 --- [           main] s.w.ClassOrApiAnnotationResourceGrouping : Group for method getUserById was 用户接口
2025-07-04 08:55:50.669  INFO 8292 --- [           main] s.w.ClassOrApiAnnotationResourceGrouping : Group for method getUserById was 用户接口
2025-07-04 08:55:50.670  INFO 8292 --- [           main] s.d.schema.ModelContextKeyGenerator      : Cache Key Generated: com.quark.common.dto.QuarkResult(true)
2025-07-04 08:55:50.670  INFO 8292 --- [           main] s.d.spring.web.caching.CachingAspect     : Caching aspect applied for cache models with key com.quark.common.dto.QuarkResult(true)
2025-07-04 08:55:50.670  INFO 8292 --- [           main] s.d.schema.ModelContextKeyGenerator      : Cache Key Generated: com.quark.common.dto.QuarkResult(true)
2025-07-04 08:55:50.670  INFO 8292 --- [           main] s.d.spring.web.caching.CachingAspect     : Caching aspect applied for cache modelDependencies with key com.quark.common.dto.QuarkResult(true)
2025-07-04 08:55:50.670  INFO 8292 --- [           main] s.d.spring.web.OperationsKeyGenerator    : Cache key generated: /user/{token}.com.quark.rest.controller.UserController.getUserByToken.DefaultGenericTypeNamingStrategy
2025-07-04 08:55:50.670  INFO 8292 --- [           main] s.d.spring.web.caching.CachingAspect     : Caching aspect applied for cache operations with key /user/{token}.com.quark.rest.controller.UserController.getUserByToken.DefaultGenericTypeNamingStrategy
2025-07-04 08:55:50.671  INFO 8292 --- [           main] s.w.ClassOrApiAnnotationResourceGrouping : Group for method getUserByToken was 用户接口
2025-07-04 08:55:50.671  INFO 8292 --- [           main] s.w.ClassOrApiAnnotationResourceGrouping : Group for method getUserByToken was 用户接口
2025-07-04 08:55:50.672  INFO 8292 --- [           main] s.d.schema.ModelContextKeyGenerator      : Cache Key Generated: com.quark.common.dto.QuarkResult(true)
2025-07-04 08:55:50.672  INFO 8292 --- [           main] s.d.spring.web.caching.CachingAspect     : Caching aspect applied for cache models with key com.quark.common.dto.QuarkResult(true)
2025-07-04 08:55:50.672  INFO 8292 --- [           main] s.d.schema.ModelContextKeyGenerator      : Cache Key Generated: com.quark.common.dto.QuarkResult(true)
2025-07-04 08:55:50.672  INFO 8292 --- [           main] s.d.spring.web.caching.CachingAspect     : Caching aspect applied for cache modelDependencies with key com.quark.common.dto.QuarkResult(true)
2025-07-04 08:55:50.672  INFO 8292 --- [           main] s.d.spring.web.OperationsKeyGenerator    : Cache key generated: /user/logout.com.quark.rest.controller.UserController.logout.DefaultGenericTypeNamingStrategy
2025-07-04 08:55:50.672  INFO 8292 --- [           main] s.d.spring.web.caching.CachingAspect     : Caching aspect applied for cache operations with key /user/logout.com.quark.rest.controller.UserController.logout.DefaultGenericTypeNamingStrategy
2025-07-04 08:55:50.673  INFO 8292 --- [           main] s.w.ClassOrApiAnnotationResourceGrouping : Group for method logout was 用户接口
2025-07-04 08:55:50.673  INFO 8292 --- [           main] s.w.ClassOrApiAnnotationResourceGrouping : Group for method logout was 用户接口
2025-07-04 08:55:50.674  INFO 8292 --- [           main] s.d.schema.ModelContextKeyGenerator      : Cache Key Generated: com.quark.common.dto.QuarkResult(true)
2025-07-04 08:55:50.674  INFO 8292 --- [           main] s.d.spring.web.caching.CachingAspect     : Caching aspect applied for cache models with key com.quark.common.dto.QuarkResult(true)
2025-07-04 08:55:50.674  INFO 8292 --- [           main] s.d.schema.ModelContextKeyGenerator      : Cache Key Generated: com.quark.common.dto.QuarkResult(true)
2025-07-04 08:55:50.674  INFO 8292 --- [           main] s.d.spring.web.caching.CachingAspect     : Caching aspect applied for cache modelDependencies with key com.quark.common.dto.QuarkResult(true)
2025-07-04 08:55:50.674  INFO 8292 --- [           main] s.d.spring.web.OperationsKeyGenerator    : Cache key generated: /user/password/{token}.com.quark.rest.controller.UserController.updatePassword.DefaultGenericTypeNamingStrategy
2025-07-04 08:55:50.674  INFO 8292 --- [           main] s.d.spring.web.caching.CachingAspect     : Caching aspect applied for cache operations with key /user/password/{token}.com.quark.rest.controller.UserController.updatePassword.DefaultGenericTypeNamingStrategy
2025-07-04 08:55:50.677  INFO 8292 --- [           main] s.w.ClassOrApiAnnotationResourceGrouping : Group for method updatePassword was 用户接口
2025-07-04 08:55:50.677  INFO 8292 --- [           main] s.w.ClassOrApiAnnotationResourceGrouping : Group for method updatePassword was 用户接口
2025-07-04 08:55:50.678  INFO 8292 --- [           main] s.d.schema.ModelContextKeyGenerator      : Cache Key Generated: com.quark.common.dto.QuarkResult(true)
2025-07-04 08:55:50.678  INFO 8292 --- [           main] s.d.spring.web.caching.CachingAspect     : Caching aspect applied for cache models with key com.quark.common.dto.QuarkResult(true)
2025-07-04 08:55:50.678  INFO 8292 --- [           main] s.d.schema.ModelContextKeyGenerator      : Cache Key Generated: com.quark.common.dto.QuarkResult(true)
2025-07-04 08:55:50.678  INFO 8292 --- [           main] s.d.spring.web.caching.CachingAspect     : Caching aspect applied for cache modelDependencies with key com.quark.common.dto.QuarkResult(true)
2025-07-04 08:55:50.679  INFO 8292 --- [           main] s.d.spring.web.OperationsKeyGenerator    : Cache key generated: /user/{token}.com.quark.rest.controller.UserController.updateUser.DefaultGenericTypeNamingStrategy
2025-07-04 08:55:50.679  INFO 8292 --- [           main] s.d.spring.web.caching.CachingAspect     : Caching aspect applied for cache operations with key /user/{token}.com.quark.rest.controller.UserController.updateUser.DefaultGenericTypeNamingStrategy
2025-07-04 08:55:50.683  INFO 8292 --- [           main] s.w.ClassOrApiAnnotationResourceGrouping : Group for method updateUser was 用户接口
2025-07-04 08:55:50.684  INFO 8292 --- [           main] s.w.ClassOrApiAnnotationResourceGrouping : Group for method updateUser was 用户接口
2025-07-04 08:55:50.685  INFO 8292 --- [           main] s.d.schema.ModelContextKeyGenerator      : Cache Key Generated: com.quark.common.dto.QuarkResult(true)
2025-07-04 08:55:50.685  INFO 8292 --- [           main] s.d.spring.web.caching.CachingAspect     : Caching aspect applied for cache models with key com.quark.common.dto.QuarkResult(true)
2025-07-04 08:55:50.685  INFO 8292 --- [           main] s.d.schema.ModelContextKeyGenerator      : Cache Key Generated: com.quark.common.dto.QuarkResult(true)
2025-07-04 08:55:50.685  INFO 8292 --- [           main] s.d.spring.web.caching.CachingAspect     : Caching aspect applied for cache modelDependencies with key com.quark.common.dto.QuarkResult(true)
2025-07-04 08:55:50.685  INFO 8292 --- [           main] s.d.spring.web.OperationsKeyGenerator    : Cache key generated: /user/school/{token}.com.quark.rest.controller.UserController.updateUserSchool.DefaultGenericTypeNamingStrategy
2025-07-04 08:55:50.685  INFO 8292 --- [           main] s.d.spring.web.caching.CachingAspect     : Caching aspect applied for cache operations with key /user/school/{token}.com.quark.rest.controller.UserController.updateUserSchool.DefaultGenericTypeNamingStrategy
2025-07-04 08:55:50.688  INFO 8292 --- [           main] s.w.ClassOrApiAnnotationResourceGrouping : Group for method updateUserSchool was 用户接口
2025-07-04 08:55:50.688  INFO 8292 --- [           main] s.w.ClassOrApiAnnotationResourceGrouping : Group for method updateUserSchool was 用户接口
2025-07-04 08:55:50.690  INFO 8292 --- [           main] s.d.schema.ModelContextKeyGenerator      : Cache Key Generated: com.quark.common.dto.QuarkResult(true)
2025-07-04 08:55:50.690  INFO 8292 --- [           main] s.d.spring.web.caching.CachingAspect     : Caching aspect applied for cache models with key com.quark.common.dto.QuarkResult(true)
2025-07-04 08:55:50.691  INFO 8292 --- [           main] s.d.schema.ModelContextKeyGenerator      : Cache Key Generated: com.quark.common.dto.QuarkResult(true)
2025-07-04 08:55:50.691  INFO 8292 --- [           main] s.d.spring.web.caching.CachingAspect     : Caching aspect applied for cache modelDependencies with key com.quark.common.dto.QuarkResult(true)
2025-07-04 08:55:50.691  INFO 8292 --- [           main] s.d.spring.web.OperationsKeyGenerator    : Cache key generated: /notification/{uid}.com.quark.rest.controller.NotificationController.deleteAllNotification.DefaultGenericTypeNamingStrategy
2025-07-04 08:55:50.691  INFO 8292 --- [           main] s.d.spring.web.caching.CachingAspect     : Caching aspect applied for cache operations with key /notification/{uid}.com.quark.rest.controller.NotificationController.deleteAllNotification.DefaultGenericTypeNamingStrategy
2025-07-04 08:55:50.694  INFO 8292 --- [           main] s.w.ClassOrApiAnnotationResourceGrouping : Group for method deleteAllNotification was 通知消息接口
2025-07-04 08:55:50.696  INFO 8292 --- [           main] s.w.ClassOrApiAnnotationResourceGrouping : Group for method deleteAllNotification was 通知消息接口
2025-07-04 08:55:50.697  INFO 8292 --- [           main] s.d.schema.ModelContextKeyGenerator      : Cache Key Generated: com.quark.common.dto.QuarkResult(true)
2025-07-04 08:55:50.697  INFO 8292 --- [           main] s.d.spring.web.caching.CachingAspect     : Caching aspect applied for cache models with key com.quark.common.dto.QuarkResult(true)
2025-07-04 08:55:50.697  INFO 8292 --- [           main] s.d.schema.ModelContextKeyGenerator      : Cache Key Generated: com.quark.common.dto.QuarkResult(true)
2025-07-04 08:55:50.697  INFO 8292 --- [           main] s.d.spring.web.caching.CachingAspect     : Caching aspect applied for cache modelDependencies with key com.quark.common.dto.QuarkResult(true)
2025-07-04 08:55:50.697  INFO 8292 --- [           main] s.d.spring.web.OperationsKeyGenerator    : Cache key generated: /notification/{uid}.com.quark.rest.controller.NotificationController.getAllNotification.DefaultGenericTypeNamingStrategy
2025-07-04 08:55:50.697  INFO 8292 --- [           main] s.d.spring.web.caching.CachingAspect     : Caching aspect applied for cache operations with key /notification/{uid}.com.quark.rest.controller.NotificationController.getAllNotification.DefaultGenericTypeNamingStrategy
2025-07-04 08:55:50.698  INFO 8292 --- [           main] s.w.ClassOrApiAnnotationResourceGrouping : Group for method getAllNotification was 通知消息接口
2025-07-04 08:55:50.699  INFO 8292 --- [           main] s.w.ClassOrApiAnnotationResourceGrouping : Group for method getAllNotification was 通知消息接口
2025-07-04 08:55:50.720  INFO 8292 --- [           main] com.quark.rest.RestApplicationTest       : Started RestApplicationTest in 5.895 seconds (JVM running for 6.393)
]]></system-out>
  </testcase>
</testsuite>